2026-03-22 13:52:09.327 | INFO     | AxonDeepSeg.morphometrics.launch_morphometrics_computation:main:219 - Logging initialized for morphometrics in "/Users/mathieuboudreau/neuropoly/projects/g-ratio/gow_analysis".
2026-03-22 13:52:09.328 | INFO     | AxonDeepSeg.morphometrics.launch_morphometrics_computation:main:220 - AxonDeepSeg v5.4.0 - 8972f83c028dc4393d84ed66af7d30d5e41ad593
2026-03-22 13:52:09.328 | INFO     | AxonDeepSeg.morphometrics.launch_morphometrics_computation:main:221 - Arguments: {'sizepixel': '0.009144', 'imgpath': ['/Users/mathieuboudreau/neuropoly/projects/g-ratio/gow_analysis/data/macaque/data/sample1/01.png'], 'filename': PosixPath('axon_morphometrics.xlsx'), 'axonshape': 'circle', 'colorize': False, 'unmyelinated': False, 'nerve': False, 'diameter_overlay': False}
2026-03-22 13:52:12.870 | WARNING  | AxonDeepSeg.morphometrics.compute_morphometrics:warn_if_measures_are_unexpected:363 - WARNING: Axon 67 at [y:2011.0, x:462.0] and corresponding myelinated axon 67 have unexpected measure values for equivalent_diameter attribute.
2026-03-22 13:52:12.870 | WARNING  | AxonDeepSeg.morphometrics.compute_morphometrics:warn_if_measures_are_unexpected:363 - WARNING: Axon 67 at [y:2011.0, x:462.0] and corresponding myelinated axon 67 have unexpected measure values for area attribute.
2026-03-22 13:52:16.952 | INFO     | AxonDeepSeg.morphometrics.launch_morphometrics_computation:main:363 - Morphometrics file: 01_axon_morphometrics.xlsx has been saved in the /Users/mathieuboudreau/neuropoly/projects/g-ratio/gow_analysis/data/macaque/data/sample1 directory
2026-03-22 13:52:18.814 | INFO     | AxonDeepSeg.morphometrics.launch_morphometrics_computation:main:219 - Logging initialized for morphometrics in "/Users/mathieuboudreau/neuropoly/projects/g-ratio/gow_analysis".
2026-03-22 13:52:18.814 | INFO     | AxonDeepSeg.morphometrics.launch_morphometrics_computation:main:220 - AxonDeepSeg v5.4.0 - 8972f83c028dc4393d84ed66af7d30d5e41ad593
2026-03-22 13:52:18.815 | INFO     | AxonDeepSeg.morphometrics.launch_morphometrics_computation:main:221 - Arguments: {'sizepixel': '0.009144', 'imgpath': ['/Users/mathieuboudreau/neuropoly/projects/g-ratio/gow_analysis/data/macaque/data/sample1/03.png'], 'filename': PosixPath('axon_morphometrics.xlsx'), 'axonshape': 'circle', 'colorize': False, 'unmyelinated': False, 'nerve': False, 'diameter_overlay': False}
2026-03-22 13:52:21.893 | WARNING  | AxonDeepSeg.morphometrics.compute_morphometrics:warn_if_measures_are_unexpected:363 - WARNING: Axon 45 at [y:1891.5, x:320.0] and corresponding myelinated axon 45 have unexpected measure values for equivalent_diameter attribute.
2026-03-22 13:52:21.893 | WARNING  | AxonDeepSeg.morphometrics.compute_morphometrics:warn_if_measures_are_unexpected:363 - WARNING: Axon 45 at [y:1891.5, x:320.0] and corresponding myelinated axon 45 have unexpected measure values for area attribute.
2026-03-22 13:52:22.951 | WARNING  | AxonDeepSeg.morphometrics.compute_morphometrics:warn_if_measures_are_unexpected:363 - WARNING: Axon 290 at [y:749.0, x:2041.5] and corresponding myelinated axon 290 have unexpected measure values for equivalent_diameter attribute.
2026-03-22 13:52:22.952 | WARNING  | AxonDeepSeg.morphometrics.compute_morphometrics:warn_if_measures_are_unexpected:363 - WARNING: Axon 290 at [y:749.0, x:2041.5] and corresponding myelinated axon 290 have unexpected measure values for area attribute.
2026-03-22 13:52:22.969 | WARNING  | AxonDeepSeg.morphometrics.compute_morphometrics:warn_if_measures_are_unexpected:363 - WARNING: Axon 293 at [y:749.0, x:2059.0] and corresponding myelinated axon 293 have unexpected measure values for equivalent_diameter attribute.
2026-03-22 13:52:22.969 | WARNING  | AxonDeepSeg.morphometrics.compute_morphometrics:warn_if_measures_are_unexpected:363 - WARNING: Axon 293 at [y:749.0, x:2059.0] and corresponding myelinated axon 293 have unexpected measure values for area attribute.
2026-03-22 13:52:24.530 | INFO     | AxonDeepSeg.morphometrics.launch_morphometrics_computation:main:363 - Morphometrics file: 03_axon_morphometrics.xlsx has been saved in the /Users/mathieuboudreau/neuropoly/projects/g-ratio/gow_analysis/data/macaque/data/sample1 directory
2026-03-22 13:52:26.264 | INFO     | AxonDeepSeg.morphometrics.launch_morphometrics_computation:main:219 - Logging initialized for morphometrics in "/Users/mathieuboudreau/neuropoly/projects/g-ratio/gow_analysis".
2026-03-22 13:52:26.265 | INFO     | AxonDeepSeg.morphometrics.launch_morphometrics_computation:main:220 - AxonDeepSeg v5.4.0 - 8972f83c028dc4393d84ed66af7d30d5e41ad593
2026-03-22 13:52:26.265 | INFO     | AxonDeepSeg.morphometrics.launch_morphometrics_computation:main:221 - Arguments: {'sizepixel': '0.009144', 'imgpath': ['/Users/mathieuboudreau/neuropoly/projects/g-ratio/gow_analysis/data/macaque/data/sample1/07.png'], 'filename': PosixPath('axon_morphometrics.xlsx'), 'axonshape': 'circle', 'colorize': False, 'unmyelinated': False, 'nerve': False, 'diameter_overlay': False}
2026-03-22 13:52:30.327 | WARNING  | AxonDeepSeg.morphometrics.compute_morphometrics:get_axon_morphometrics:263 - WARNING: Myelin object not found for axon centroid [y:1450.2941176470588, x:1123.5882352941176]
2026-03-22 13:52:30.383 | WARNING  | AxonDeepSeg.morphometrics.compute_morphometrics:warn_if_measures_are_unexpected:363 - WARNING: Axon 245 at [y:1763.5, x:1533.5] and corresponding myelinated axon 245 have unexpected measure values for equivalent_diameter attribute.
2026-03-22 13:52:30.384 | WARNING  | AxonDeepSeg.morphometrics.compute_morphometrics:warn_if_measures_are_unexpected:363 - WARNING: Axon 245 at [y:1763.5, x:1533.5] and corresponding myelinated axon 245 have unexpected measure values for area attribute.
2026-03-22 13:52:32.080 | INFO     | AxonDeepSeg.morphometrics.launch_morphometrics_computation:main:363 - Morphometrics file: 07_axon_morphometrics.xlsx has been saved in the /Users/mathieuboudreau/neuropoly/projects/g-ratio/gow_analysis/data/macaque/data/sample1 directory
2026-03-22 13:52:33.917 | INFO     | AxonDeepSeg.morphometrics.launch_morphometrics_computation:main:219 - Logging initialized for morphometrics in "/Users/mathieuboudreau/neuropoly/projects/g-ratio/gow_analysis".
2026-03-22 13:52:33.918 | INFO     | AxonDeepSeg.morphometrics.launch_morphometrics_computation:main:220 - AxonDeepSeg v5.4.0 - 8972f83c028dc4393d84ed66af7d30d5e41ad593
2026-03-22 13:52:33.918 | INFO     | AxonDeepSeg.morphometrics.launch_morphometrics_computation:main:221 - Arguments: {'sizepixel': '0.009144', 'imgpath': ['/Users/mathieuboudreau/neuropoly/projects/g-ratio/gow_analysis/data/macaque/data/sample2/01.png'], 'filename': PosixPath('axon_morphometrics.xlsx'), 'axonshape': 'circle', 'colorize': False, 'unmyelinated': False, 'nerve': False, 'diameter_overlay': False}
2026-03-22 13:52:36.284 | WARNING  | AxonDeepSeg.morphometrics.compute_morphometrics:warn_if_measures_are_unexpected:363 - WARNING: Axon 1 at [y:1127.0, x:1.5] and corresponding myelinated axon 1 have unexpected measure values for equivalent_diameter attribute.
2026-03-22 13:52:36.285 | WARNING  | AxonDeepSeg.morphometrics.compute_morphometrics:warn_if_measures_are_unexpected:363 - WARNING: Axon 1 at [y:1127.0, x:1.5] and corresponding myelinated axon 1 have unexpected measure values for area attribute.
2026-03-22 13:52:41.063 | INFO     | AxonDeepSeg.morphometrics.launch_morphometrics_computation:main:363 - Morphometrics file: 01_axon_morphometrics.xlsx has been saved in the /Users/mathieuboudreau/neuropoly/projects/g-ratio/gow_analysis/data/macaque/data/sample2 directory
2026-03-22 13:52:43.046 | INFO     | AxonDeepSeg.morphometrics.launch_morphometrics_computation:main:219 - Logging initialized for morphometrics in "/Users/mathieuboudreau/neuropoly/projects/g-ratio/gow_analysis".
2026-03-22 13:52:43.047 | INFO     | AxonDeepSeg.morphometrics.launch_morphometrics_computation:main:220 - AxonDeepSeg v5.4.0 - 8972f83c028dc4393d84ed66af7d30d5e41ad593
2026-03-22 13:52:43.048 | INFO     | AxonDeepSeg.morphometrics.launch_morphometrics_computation:main:221 - Arguments: {'sizepixel': '0.009144', 'imgpath': ['/Users/mathieuboudreau/neuropoly/projects/g-ratio/gow_analysis/data/macaque/data/sample2/03.png'], 'filename': PosixPath('axon_morphometrics.xlsx'), 'axonshape': 'circle', 'colorize': False, 'unmyelinated': False, 'nerve': False, 'diameter_overlay': False}
2026-03-22 13:52:48.319 | WARNING  | AxonDeepSeg.morphometrics.compute_morphometrics:warn_if_measures_are_unexpected:363 - WARNING: Axon 150 at [y:794.5, x:1263.0] and corresponding myelinated axon 150 have unexpected measure values for equivalent_diameter attribute.
2026-03-22 13:52:48.320 | WARNING  | AxonDeepSeg.morphometrics.compute_morphometrics:warn_if_measures_are_unexpected:363 - WARNING: Axon 150 at [y:794.5, x:1263.0] and corresponding myelinated axon 150 have unexpected measure values for area attribute.
2026-03-22 13:52:48.325 | WARNING  | AxonDeepSeg.morphometrics.compute_morphometrics:warn_if_measures_are_unexpected:363 - WARNING: Axon 151 at [y:796.0, x:1268.0] and corresponding myelinated axon 151 have unexpected measure values for equivalent_diameter attribute.
2026-03-22 13:52:48.325 | WARNING  | AxonDeepSeg.morphometrics.compute_morphometrics:warn_if_measures_are_unexpected:363 - WARNING: Axon 151 at [y:796.0, x:1268.0] and corresponding myelinated axon 151 have unexpected measure values for area attribute.
2026-03-22 13:52:50.362 | INFO     | AxonDeepSeg.morphometrics.launch_morphometrics_computation:main:363 - Morphometrics file: 03_axon_morphometrics.xlsx has been saved in the /Users/mathieuboudreau/neuropoly/projects/g-ratio/gow_analysis/data/macaque/data/sample2 directory
2026-03-22 13:52:52.324 | INFO     | AxonDeepSeg.morphometrics.launch_morphometrics_computation:main:219 - Logging initialized for morphometrics in "/Users/mathieuboudreau/neuropoly/projects/g-ratio/gow_analysis".
2026-03-22 13:52:52.324 | INFO     | AxonDeepSeg.morphometrics.launch_morphometrics_computation:main:220 - AxonDeepSeg v5.4.0 - 8972f83c028dc4393d84ed66af7d30d5e41ad593
2026-03-22 13:52:52.325 | INFO     | AxonDeepSeg.morphometrics.launch_morphometrics_computation:main:221 - Arguments: {'sizepixel': '0.009144', 'imgpath': ['/Users/mathieuboudreau/neuropoly/projects/g-ratio/gow_analysis/data/macaque/data/sample2/05.png'], 'filename': PosixPath('axon_morphometrics.xlsx'), 'axonshape': 'circle', 'colorize': False, 'unmyelinated': False, 'nerve': False, 'diameter_overlay': False}
2026-03-22 13:52:55.396 | WARNING  | AxonDeepSeg.morphometrics.compute_morphometrics:warn_if_measures_are_unexpected:363 - WARNING: Axon 81 at [y:487.0, x:643.0] and corresponding myelinated axon 81 have unexpected measure values for equivalent_diameter attribute.
2026-03-22 13:52:55.397 | WARNING  | AxonDeepSeg.morphometrics.compute_morphometrics:warn_if_measures_are_unexpected:363 - WARNING: Axon 81 at [y:487.0, x:643.0] and corresponding myelinated axon 81 have unexpected measure values for area attribute.
2026-03-22 13:52:57.919 | INFO     | AxonDeepSeg.morphometrics.launch_morphometrics_computation:main:363 - Morphometrics file: 05_axon_morphometrics.xlsx has been saved in the /Users/mathieuboudreau/neuropoly/projects/g-ratio/gow_analysis/data/macaque/data/sample2 directory
2026-03-22 13:52:59.590 | INFO     | AxonDeepSeg.morphometrics.launch_morphometrics_computation:main:219 - Logging initialized for morphometrics in "/Users/mathieuboudreau/neuropoly/projects/g-ratio/gow_analysis".
2026-03-22 13:52:59.590 | INFO     | AxonDeepSeg.morphometrics.launch_morphometrics_computation:main:220 - AxonDeepSeg v5.4.0 - 8972f83c028dc4393d84ed66af7d30d5e41ad593
2026-03-22 13:52:59.590 | INFO     | AxonDeepSeg.morphometrics.launch_morphometrics_computation:main:221 - Arguments: {'sizepixel': '0.009144', 'imgpath': ['/Users/mathieuboudreau/neuropoly/projects/g-ratio/gow_analysis/data/macaque/data/sample3/01.png'], 'filename': PosixPath('axon_morphometrics.xlsx'), 'axonshape': 'circle', 'colorize': False, 'unmyelinated': False, 'nerve': False, 'diameter_overlay': False}
2026-03-22 13:53:02.384 | WARNING  | AxonDeepSeg.morphometrics.compute_morphometrics:warn_if_measures_are_unexpected:363 - WARNING: Axon 117 at [y:980.6, x:1016.4] and corresponding myelinated axon 117 have unexpected measure values for equivalent_diameter attribute.
2026-03-22 13:53:02.384 | WARNING  | AxonDeepSeg.morphometrics.compute_morphometrics:warn_if_measures_are_unexpected:363 - WARNING: Axon 117 at [y:980.6, x:1016.4] and corresponding myelinated axon 117 have unexpected measure values for area attribute.
2026-03-22 13:53:02.390 | WARNING  | AxonDeepSeg.morphometrics.compute_morphometrics:warn_if_measures_are_unexpected:363 - WARNING: Axon 119 at [y:897.5, x:1036.5] and corresponding myelinated axon 119 have unexpected measure values for equivalent_diameter attribute.
2026-03-22 13:53:02.391 | WARNING  | AxonDeepSeg.morphometrics.compute_morphometrics:warn_if_measures_are_unexpected:363 - WARNING: Axon 119 at [y:897.5, x:1036.5] and corresponding myelinated axon 119 have unexpected measure values for area attribute.
2026-03-22 13:53:02.433 | WARNING  | AxonDeepSeg.morphometrics.compute_morphometrics:warn_if_measures_are_unexpected:363 - WARNING: Axon 123 at [y:801.5, x:1086.5] and corresponding myelinated axon 123 have unexpected measure values for equivalent_diameter attribute.
2026-03-22 13:53:02.434 | WARNING  | AxonDeepSeg.morphometrics.compute_morphometrics:warn_if_measures_are_unexpected:363 - WARNING: Axon 123 at [y:801.5, x:1086.5] and corresponding myelinated axon 123 have unexpected measure values for area attribute.
2026-03-22 13:53:02.436 | WARNING  | AxonDeepSeg.morphometrics.compute_morphometrics:warn_if_measures_are_unexpected:363 - WARNING: Axon 124 at [y:831.5, x:1085.5] and corresponding myelinated axon 124 have unexpected measure values for equivalent_diameter attribute.
2026-03-22 13:53:02.436 | WARNING  | AxonDeepSeg.morphometrics.compute_morphometrics:warn_if_measures_are_unexpected:363 - WARNING: Axon 124 at [y:831.5, x:1085.5] and corresponding myelinated axon 124 have unexpected measure values for area attribute.
2026-03-22 13:53:02.648 | WARNING  | AxonDeepSeg.morphometrics.compute_morphometrics:warn_if_measures_are_unexpected:363 - WARNING: Axon 147 at [y:975.5, x:1405.5] and corresponding myelinated axon 147 have unexpected measure values for equivalent_diameter attribute.
2026-03-22 13:53:02.649 | WARNING  | AxonDeepSeg.morphometrics.compute_morphometrics:warn_if_measures_are_unexpected:363 - WARNING: Axon 147 at [y:975.5, x:1405.5] and corresponding myelinated axon 147 have unexpected measure values for area attribute.
2026-03-22 13:53:03.281 | WARNING  | AxonDeepSeg.morphometrics.compute_morphometrics:get_axon_morphometrics:263 - WARNING: Myelin object not found for axon centroid [y:2394.4241379310347, x:1319.9275862068966]
2026-03-22 13:53:04.230 | INFO     | AxonDeepSeg.morphometrics.launch_morphometrics_computation:main:363 - Morphometrics file: 01_axon_morphometrics.xlsx has been saved in the /Users/mathieuboudreau/neuropoly/projects/g-ratio/gow_analysis/data/macaque/data/sample3 directory
2026-03-22 13:53:05.895 | INFO     | AxonDeepSeg.morphometrics.launch_morphometrics_computation:main:219 - Logging initialized for morphometrics in "/Users/mathieuboudreau/neuropoly/projects/g-ratio/gow_analysis".
2026-03-22 13:53:05.896 | INFO     | AxonDeepSeg.morphometrics.launch_morphometrics_computation:main:220 - AxonDeepSeg v5.4.0 - 8972f83c028dc4393d84ed66af7d30d5e41ad593
2026-03-22 13:53:05.896 | INFO     | AxonDeepSeg.morphometrics.launch_morphometrics_computation:main:221 - Arguments: {'sizepixel': '0.009144', 'imgpath': ['/Users/mathieuboudreau/neuropoly/projects/g-ratio/gow_analysis/data/macaque/data/sample3/03.png'], 'filename': PosixPath('axon_morphometrics.xlsx'), 'axonshape': 'circle', 'colorize': False, 'unmyelinated': False, 'nerve': False, 'diameter_overlay': False}
2026-03-22 13:53:08.749 | WARNING  | AxonDeepSeg.morphometrics.compute_morphometrics:warn_if_measures_are_unexpected:363 - WARNING: Axon 37 at [y:925.0, x:365.5] and corresponding myelinated axon 37 have unexpected measure values for equivalent_diameter attribute.
2026-03-22 13:53:08.749 | WARNING  | AxonDeepSeg.morphometrics.compute_morphometrics:warn_if_measures_are_unexpected:363 - WARNING: Axon 37 at [y:925.0, x:365.5] and corresponding myelinated axon 37 have unexpected measure values for area attribute.
2026-03-22 13:53:08.752 | WARNING  | AxonDeepSeg.morphometrics.compute_morphometrics:warn_if_measures_are_unexpected:363 - WARNING: Axon 38 at [y:922.0, x:370.5] and corresponding myelinated axon 38 have unexpected measure values for equivalent_diameter attribute.
2026-03-22 13:53:08.752 | WARNING  | AxonDeepSeg.morphometrics.compute_morphometrics:warn_if_measures_are_unexpected:363 - WARNING: Axon 38 at [y:922.0, x:370.5] and corresponding myelinated axon 38 have unexpected measure values for area attribute.
2026-03-22 13:53:08.755 | WARNING  | AxonDeepSeg.morphometrics.compute_morphometrics:warn_if_measures_are_unexpected:363 - WARNING: Axon 39 at [y:948.0, x:377.5] and corresponding myelinated axon 39 have unexpected measure values for equivalent_diameter attribute.
2026-03-22 13:53:08.755 | WARNING  | AxonDeepSeg.morphometrics.compute_morphometrics:warn_if_measures_are_unexpected:363 - WARNING: Axon 39 at [y:948.0, x:377.5] and corresponding myelinated axon 39 have unexpected measure values for area attribute.
2026-03-22 13:53:09.267 | WARNING  | AxonDeepSeg.morphometrics.compute_morphometrics:warn_if_measures_are_unexpected:363 - WARNING: Axon 85 at [y:838.0, x:1577.0] and corresponding myelinated axon 85 have unexpected measure values for equivalent_diameter attribute.
2026-03-22 13:53:09.267 | WARNING  | AxonDeepSeg.morphometrics.compute_morphometrics:warn_if_measures_are_unexpected:363 - WARNING: Axon 85 at [y:838.0, x:1577.0] and corresponding myelinated axon 85 have unexpected measure values for area attribute.
2026-03-22 13:53:09.320 | WARNING  | AxonDeepSeg.morphometrics.compute_morphometrics:warn_if_measures_are_unexpected:363 - WARNING: Axon 88 at [y:837.5, x:1657.5] and corresponding myelinated axon 88 have unexpected measure values for equivalent_diameter attribute.
2026-03-22 13:53:09.321 | WARNING  | AxonDeepSeg.morphometrics.compute_morphometrics:warn_if_measures_are_unexpected:363 - WARNING: Axon 88 at [y:837.5, x:1657.5] and corresponding myelinated axon 88 have unexpected measure values for area attribute.
2026-03-22 13:53:09.325 | WARNING  | AxonDeepSeg.morphometrics.compute_morphometrics:warn_if_measures_are_unexpected:363 - WARNING: Axon 89 at [y:665.0, x:1663.5] and corresponding myelinated axon 89 have unexpected measure values for equivalent_diameter attribute.
2026-03-22 13:53:09.325 | WARNING  | AxonDeepSeg.morphometrics.compute_morphometrics:warn_if_measures_are_unexpected:363 - WARNING: Axon 89 at [y:665.0, x:1663.5] and corresponding myelinated axon 89 have unexpected measure values for area attribute.
2026-03-22 13:53:09.331 | WARNING  | AxonDeepSeg.morphometrics.compute_morphometrics:warn_if_measures_are_unexpected:363 - WARNING: Axon 91 at [y:262.0, x:1703.0] and corresponding myelinated axon 91 have unexpected measure values for equivalent_diameter attribute.
2026-03-22 13:53:09.332 | WARNING  | AxonDeepSeg.morphometrics.compute_morphometrics:warn_if_measures_are_unexpected:363 - WARNING: Axon 91 at [y:262.0, x:1703.0] and corresponding myelinated axon 91 have unexpected measure values for area attribute.
2026-03-22 13:53:09.341 | WARNING  | AxonDeepSeg.morphometrics.compute_morphometrics:warn_if_measures_are_unexpected:363 - WARNING: Axon 93 at [y:666.5, x:1723.5] and corresponding myelinated axon 93 have unexpected measure values for equivalent_diameter attribute.
2026-03-22 13:53:09.341 | WARNING  | AxonDeepSeg.morphometrics.compute_morphometrics:warn_if_measures_are_unexpected:363 - WARNING: Axon 93 at [y:666.5, x:1723.5] and corresponding myelinated axon 93 have unexpected measure values for area attribute.
2026-03-22 13:53:09.345 | WARNING  | AxonDeepSeg.morphometrics.compute_morphometrics:warn_if_measures_are_unexpected:363 - WARNING: Axon 94 at [y:737.5, x:1751.0] and corresponding myelinated axon 94 have unexpected measure values for equivalent_diameter attribute.
2026-03-22 13:53:09.345 | WARNING  | AxonDeepSeg.morphometrics.compute_morphometrics:warn_if_measures_are_unexpected:363 - WARNING: Axon 94 at [y:737.5, x:1751.0] and corresponding myelinated axon 94 have unexpected measure values for area attribute.
2026-03-22 13:53:09.459 | WARNING  | AxonDeepSeg.morphometrics.compute_morphometrics:warn_if_measures_are_unexpected:363 - WARNING: Axon 112 at [y:432.0, x:2031.5] and corresponding myelinated axon 112 have unexpected measure values for equivalent_diameter attribute.
2026-03-22 13:53:09.459 | WARNING  | AxonDeepSeg.morphometrics.compute_morphometrics:warn_if_measures_are_unexpected:363 - WARNING: Axon 112 at [y:432.0, x:2031.5] and corresponding myelinated axon 112 have unexpected measure values for area attribute.
2026-03-22 13:53:10.517 | INFO     | AxonDeepSeg.morphometrics.launch_morphometrics_computation:main:363 - Morphometrics file: 03_axon_morphometrics.xlsx has been saved in the /Users/mathieuboudreau/neuropoly/projects/g-ratio/gow_analysis/data/macaque/data/sample3 directory
2026-03-22 13:53:12.191 | INFO     | AxonDeepSeg.morphometrics.launch_morphometrics_computation:main:219 - Logging initialized for morphometrics in "/Users/mathieuboudreau/neuropoly/projects/g-ratio/gow_analysis".
2026-03-22 13:53:12.191 | INFO     | AxonDeepSeg.morphometrics.launch_morphometrics_computation:main:220 - AxonDeepSeg v5.4.0 - 8972f83c028dc4393d84ed66af7d30d5e41ad593
2026-03-22 13:53:12.191 | INFO     | AxonDeepSeg.morphometrics.launch_morphometrics_computation:main:221 - Arguments: {'sizepixel': '0.009144', 'imgpath': ['/Users/mathieuboudreau/neuropoly/projects/g-ratio/gow_analysis/data/macaque/data/sample3/05.png'], 'filename': PosixPath('axon_morphometrics.xlsx'), 'axonshape': 'circle', 'colorize': False, 'unmyelinated': False, 'nerve': False, 'diameter_overlay': False}
2026-03-22 13:53:14.936 | WARNING  | AxonDeepSeg.morphometrics.compute_morphometrics:warn_if_measures_are_unexpected:363 - WARNING: Axon 50 at [y:281.5, x:481.0] and corresponding myelinated axon 50 have unexpected measure values for equivalent_diameter attribute.
2026-03-22 13:53:14.937 | WARNING  | AxonDeepSeg.morphometrics.compute_morphometrics:warn_if_measures_are_unexpected:363 - WARNING: Axon 50 at [y:281.5, x:481.0] and corresponding myelinated axon 50 have unexpected measure values for area attribute.
2026-03-22 13:53:15.078 | WARNING  | AxonDeepSeg.morphometrics.compute_morphometrics:warn_if_measures_are_unexpected:363 - WARNING: Axon 71 at [y:1883.5, x:735.5] and corresponding myelinated axon 71 have unexpected measure values for equivalent_diameter attribute.
2026-03-22 13:53:15.078 | WARNING  | AxonDeepSeg.morphometrics.compute_morphometrics:warn_if_measures_are_unexpected:363 - WARNING: Axon 71 at [y:1883.5, x:735.5] and corresponding myelinated axon 71 have unexpected measure values for area attribute.
2026-03-22 13:53:17.596 | INFO     | AxonDeepSeg.morphometrics.launch_morphometrics_computation:main:363 - Morphometrics file: 05_axon_morphometrics.xlsx has been saved in the /Users/mathieuboudreau/neuropoly/projects/g-ratio/gow_analysis/data/macaque/data/sample3 directory
2026-03-22 13:53:20.319 | INFO     | AxonDeepSeg.morphometrics.launch_morphometrics_computation:main:219 - Logging initialized for morphometrics in "/Users/mathieuboudreau/neuropoly/projects/g-ratio/gow_analysis".
2026-03-22 13:53:20.320 | INFO     | AxonDeepSeg.morphometrics.launch_morphometrics_computation:main:220 - AxonDeepSeg v5.4.0 - 8972f83c028dc4393d84ed66af7d30d5e41ad593
2026-03-22 13:53:20.320 | INFO     | AxonDeepSeg.morphometrics.launch_morphometrics_computation:main:221 - Arguments: {'sizepixel': '0.009144', 'imgpath': ['/Users/mathieuboudreau/neuropoly/projects/g-ratio/gow_analysis/data/macaque/data/sample4/01.png'], 'filename': PosixPath('axon_morphometrics.xlsx'), 'axonshape': 'circle', 'colorize': False, 'unmyelinated': False, 'nerve': False, 'diameter_overlay': False}
2026-03-22 13:53:22.485 | WARNING  | AxonDeepSeg.morphometrics.compute_morphometrics:warn_if_measures_are_unexpected:363 - WARNING: Axon 2 at [y:515.3694723272354, x:189.44771795651732] and corresponding myelinated axon 2 have unexpected measure values for equivalent_diameter attribute.
2026-03-22 13:53:22.491 | WARNING  | AxonDeepSeg.morphometrics.compute_morphometrics:warn_if_measures_are_unexpected:363 - WARNING: Axon 2 at [y:515.3694723272354, x:189.44771795651732] and corresponding myelinated axon 2 have unexpected measure values for area attribute.
2026-03-22 13:53:22.496 | WARNING  | AxonDeepSeg.morphometrics.compute_morphometrics:warn_if_measures_are_unexpected:363 - WARNING: Axon 3 at [y:1267.0, x:1.0] and corresponding myelinated axon 3 have unexpected measure values for equivalent_diameter attribute.
2026-03-22 13:53:22.497 | WARNING  | AxonDeepSeg.morphometrics.compute_morphometrics:warn_if_measures_are_unexpected:363 - WARNING: Axon 3 at [y:1267.0, x:1.0] and corresponding myelinated axon 3 have unexpected measure values for area attribute.
2026-03-22 13:53:22.499 | WARNING  | AxonDeepSeg.morphometrics.compute_morphometrics:warn_if_measures_are_unexpected:363 - WARNING: Axon 4 at [y:1396.5, x:33.0] and corresponding myelinated axon 4 have unexpected measure values for equivalent_diameter attribute.
2026-03-22 13:53:22.500 | WARNING  | AxonDeepSeg.morphometrics.compute_morphometrics:warn_if_measures_are_unexpected:363 - WARNING: Axon 4 at [y:1396.5, x:33.0] and corresponding myelinated axon 4 have unexpected measure values for area attribute.
2026-03-22 13:53:22.502 | WARNING  | AxonDeepSeg.morphometrics.compute_morphometrics:warn_if_measures_are_unexpected:363 - WARNING: Axon 5 at [y:1238.5, x:38.0] and corresponding myelinated axon 5 have unexpected measure values for equivalent_diameter attribute.
2026-03-22 13:53:22.502 | WARNING  | AxonDeepSeg.morphometrics.compute_morphometrics:warn_if_measures_are_unexpected:363 - WARNING: Axon 5 at [y:1238.5, x:38.0] and corresponding myelinated axon 5 have unexpected measure values for area attribute.
2026-03-22 13:53:22.506 | WARNING  | AxonDeepSeg.morphometrics.compute_morphometrics:warn_if_measures_are_unexpected:363 - WARNING: Axon 6 at [y:1247.0, x:39.0] and corresponding myelinated axon 6 have unexpected measure values for equivalent_diameter attribute.
2026-03-22 13:53:22.506 | WARNING  | AxonDeepSeg.morphometrics.compute_morphometrics:warn_if_measures_are_unexpected:363 - WARNING: Axon 6 at [y:1247.0, x:39.0] and corresponding myelinated axon 6 have unexpected measure values for area attribute.
2026-03-22 13:53:22.579 | WARNING  | AxonDeepSeg.morphometrics.compute_morphometrics:warn_if_measures_are_unexpected:363 - WARNING: Axon 8 at [y:177.5, x:68.0] and corresponding myelinated axon 8 have unexpected measure values for equivalent_diameter attribute.
2026-03-22 13:53:22.580 | WARNING  | AxonDeepSeg.morphometrics.compute_morphometrics:warn_if_measures_are_unexpected:363 - WARNING: Axon 8 at [y:177.5, x:68.0] and corresponding myelinated axon 8 have unexpected measure values for area attribute.
2026-03-22 13:53:22.607 | WARNING  | AxonDeepSeg.morphometrics.compute_morphometrics:warn_if_measures_are_unexpected:363 - WARNING: Axon 16 at [y:2141.5, x:294.5] and corresponding myelinated axon 16 have unexpected measure values for equivalent_diameter attribute.
2026-03-22 13:53:22.607 | WARNING  | AxonDeepSeg.morphometrics.compute_morphometrics:warn_if_measures_are_unexpected:363 - WARNING: Axon 16 at [y:2141.5, x:294.5] and corresponding myelinated axon 16 have unexpected measure values for area attribute.
2026-03-22 13:53:22.724 | WARNING  | AxonDeepSeg.morphometrics.compute_morphometrics:warn_if_measures_are_unexpected:363 - WARNING: Axon 27 at [y:997.0, x:455.5] and corresponding myelinated axon 27 have unexpected measure values for equivalent_diameter attribute.
2026-03-22 13:53:22.725 | WARNING  | AxonDeepSeg.morphometrics.compute_morphometrics:warn_if_measures_are_unexpected:363 - WARNING: Axon 27 at [y:997.0, x:455.5] and corresponding myelinated axon 27 have unexpected measure values for area attribute.
2026-03-22 13:53:23.389 | WARNING  | AxonDeepSeg.morphometrics.compute_morphometrics:warn_if_measures_are_unexpected:363 - WARNING: Axon 51 at [y:1051.6428762184537, x:876.2432233943117] and corresponding myelinated axon 51 have unexpected measure values for equivalent_diameter attribute.
2026-03-22 13:53:23.399 | WARNING  | AxonDeepSeg.morphometrics.compute_morphometrics:warn_if_measures_are_unexpected:363 - WARNING: Axon 51 at [y:1051.6428762184537, x:876.2432233943117] and corresponding myelinated axon 51 have unexpected measure values for area attribute.
2026-03-22 13:53:23.884 | WARNING  | AxonDeepSeg.morphometrics.compute_morphometrics:warn_if_measures_are_unexpected:363 - WARNING: Axon 62 at [y:1456.2105263157894, x:902.2105263157895] and corresponding myelinated axon 62 have unexpected measure values for equivalent_diameter attribute.
2026-03-22 13:53:23.887 | WARNING  | AxonDeepSeg.morphometrics.compute_morphometrics:warn_if_measures_are_unexpected:363 - WARNING: Axon 62 at [y:1456.2105263157894, x:902.2105263157895] and corresponding myelinated axon 62 have unexpected measure values for area attribute.
2026-03-22 13:53:24.138 | WARNING  | AxonDeepSeg.morphometrics.compute_morphometrics:get_axon_morphometrics:263 - WARNING: Myelin object not found for axon centroid [y:1205.727426445722, x:713.290497125465]
2026-03-22 13:53:24.628 | WARNING  | AxonDeepSeg.morphometrics.compute_morphometrics:warn_if_measures_are_unexpected:363 - WARNING: Axon 84 at [y:693.6349621873183, x:1548.2085514834207] and corresponding myelinated axon 84 have unexpected measure values for equivalent_diameter attribute.
2026-03-22 13:53:24.631 | WARNING  | AxonDeepSeg.morphometrics.compute_morphometrics:warn_if_measures_are_unexpected:363 - WARNING: Axon 84 at [y:693.6349621873183, x:1548.2085514834207] and corresponding myelinated axon 84 have unexpected measure values for area attribute.
2026-03-22 13:53:25.660 | WARNING  | AxonDeepSeg.morphometrics.compute_morphometrics:warn_if_measures_are_unexpected:363 - WARNING: Axon 131 at [y:515.6222279525529, x:2811.4997421351213] and corresponding myelinated axon 131 have unexpected measure values for equivalent_diameter attribute.
2026-03-22 13:53:25.661 | WARNING  | AxonDeepSeg.morphometrics.compute_morphometrics:warn_if_measures_are_unexpected:363 - WARNING: Axon 131 at [y:515.6222279525529, x:2811.4997421351213] and corresponding myelinated axon 131 have unexpected measure values for area attribute.
2026-03-22 13:53:25.680 | WARNING  | AxonDeepSeg.morphometrics.compute_morphometrics:warn_if_measures_are_unexpected:363 - WARNING: Axon 136 at [y:1781.0, x:2740.0] and corresponding myelinated axon 136 have unexpected measure values for equivalent_diameter attribute.
2026-03-22 13:53:25.680 | WARNING  | AxonDeepSeg.morphometrics.compute_morphometrics:warn_if_measures_are_unexpected:363 - WARNING: Axon 136 at [y:1781.0, x:2740.0] and corresponding myelinated axon 136 have unexpected measure values for area attribute.
2026-03-22 13:53:25.682 | WARNING  | AxonDeepSeg.morphometrics.compute_morphometrics:warn_if_measures_are_unexpected:363 - WARNING: Axon 137 at [y:1827.5, x:2750.0] and corresponding myelinated axon 137 have unexpected measure values for equivalent_diameter attribute.
2026-03-22 13:53:25.682 | WARNING  | AxonDeepSeg.morphometrics.compute_morphometrics:warn_if_measures_are_unexpected:363 - WARNING: Axon 137 at [y:1827.5, x:2750.0] and corresponding myelinated axon 137 have unexpected measure values for area attribute.
2026-03-22 13:53:25.764 | WARNING  | AxonDeepSeg.morphometrics.compute_morphometrics:warn_if_measures_are_unexpected:363 - WARNING: Axon 144 at [y:2249.0, x:2922.0] and corresponding myelinated axon 144 have unexpected measure values for equivalent_diameter attribute.
2026-03-22 13:53:25.764 | WARNING  | AxonDeepSeg.morphometrics.compute_morphometrics:warn_if_measures_are_unexpected:363 - WARNING: Axon 144 at [y:2249.0, x:2922.0] and corresponding myelinated axon 144 have unexpected measure values for area attribute.
2026-03-22 13:53:26.313 | INFO     | AxonDeepSeg.morphometrics.launch_morphometrics_computation:main:363 - Morphometrics file: 01_axon_morphometrics.xlsx has been saved in the /Users/mathieuboudreau/neuropoly/projects/g-ratio/gow_analysis/data/macaque/data/sample4 directory
2026-03-22 13:53:28.514 | INFO     | AxonDeepSeg.morphometrics.launch_morphometrics_computation:main:219 - Logging initialized for morphometrics in "/Users/mathieuboudreau/neuropoly/projects/g-ratio/gow_analysis".
2026-03-22 13:53:28.515 | INFO     | AxonDeepSeg.morphometrics.launch_morphometrics_computation:main:220 - AxonDeepSeg v5.4.0 - 8972f83c028dc4393d84ed66af7d30d5e41ad593
2026-03-22 13:53:28.516 | INFO     | AxonDeepSeg.morphometrics.launch_morphometrics_computation:main:221 - Arguments: {'sizepixel': '0.009144', 'imgpath': ['/Users/mathieuboudreau/neuropoly/projects/g-ratio/gow_analysis/data/macaque/data/sample4/05.png'], 'filename': PosixPath('axon_morphometrics.xlsx'), 'axonshape': 'circle', 'colorize': False, 'unmyelinated': False, 'nerve': False, 'diameter_overlay': False}
2026-03-22 13:53:30.562 | WARNING  | AxonDeepSeg.morphometrics.compute_morphometrics:warn_if_measures_are_unexpected:363 - WARNING: Axon 10 at [y:891.0, x:163.5] and corresponding myelinated axon 10 have unexpected measure values for equivalent_diameter attribute.
2026-03-22 13:53:30.563 | WARNING  | AxonDeepSeg.morphometrics.compute_morphometrics:warn_if_measures_are_unexpected:363 - WARNING: Axon 10 at [y:891.0, x:163.5] and corresponding myelinated axon 10 have unexpected measure values for area attribute.
2026-03-22 13:53:30.566 | WARNING  | AxonDeepSeg.morphometrics.compute_morphometrics:warn_if_measures_are_unexpected:363 - WARNING: Axon 11 at [y:885.0, x:169.0] and corresponding myelinated axon 11 have unexpected measure values for equivalent_diameter attribute.
2026-03-22 13:53:30.566 | WARNING  | AxonDeepSeg.morphometrics.compute_morphometrics:warn_if_measures_are_unexpected:363 - WARNING: Axon 11 at [y:885.0, x:169.0] and corresponding myelinated axon 11 have unexpected measure values for area attribute.
2026-03-22 13:53:30.570 | WARNING  | AxonDeepSeg.morphometrics.compute_morphometrics:warn_if_measures_are_unexpected:363 - WARNING: Axon 12 at [y:875.0, x:179.0] and corresponding myelinated axon 12 have unexpected measure values for equivalent_diameter attribute.
2026-03-22 13:53:30.570 | WARNING  | AxonDeepSeg.morphometrics.compute_morphometrics:warn_if_measures_are_unexpected:363 - WARNING: Axon 12 at [y:875.0, x:179.0] and corresponding myelinated axon 12 have unexpected measure values for area attribute.
2026-03-22 13:53:30.656 | WARNING  | AxonDeepSeg.morphometrics.compute_morphometrics:warn_if_measures_are_unexpected:363 - WARNING: Axon 30 at [y:163.86666666666667, x:624.9333333333333] and corresponding myelinated axon 30 have unexpected measure values for equivalent_diameter attribute.
2026-03-22 13:53:30.656 | WARNING  | AxonDeepSeg.morphometrics.compute_morphometrics:warn_if_measures_are_unexpected:363 - WARNING: Axon 30 at [y:163.86666666666667, x:624.9333333333333] and corresponding myelinated axon 30 have unexpected measure values for area attribute.
2026-03-22 13:53:30.660 | WARNING  | AxonDeepSeg.morphometrics.compute_morphometrics:warn_if_measures_are_unexpected:363 - WARNING: Axon 31 at [y:128.0, x:626.0] and corresponding myelinated axon 31 have unexpected measure values for equivalent_diameter attribute.
2026-03-22 13:53:30.660 | WARNING  | AxonDeepSeg.morphometrics.compute_morphometrics:warn_if_measures_are_unexpected:363 - WARNING: Axon 31 at [y:128.0, x:626.0] and corresponding myelinated axon 31 have unexpected measure values for area attribute.
2026-03-22 13:53:30.663 | WARNING  | AxonDeepSeg.morphometrics.compute_morphometrics:warn_if_measures_are_unexpected:363 - WARNING: Axon 32 at [y:129.5, x:643.5] and corresponding myelinated axon 32 have unexpected measure values for equivalent_diameter attribute.
2026-03-22 13:53:30.663 | WARNING  | AxonDeepSeg.morphometrics.compute_morphometrics:warn_if_measures_are_unexpected:363 - WARNING: Axon 32 at [y:129.5, x:643.5] and corresponding myelinated axon 32 have unexpected measure values for area attribute.
2026-03-22 13:53:30.683 | WARNING  | AxonDeepSeg.morphometrics.compute_morphometrics:warn_if_measures_are_unexpected:363 - WARNING: Axon 35 at [y:1605.5, x:793.0] and corresponding myelinated axon 35 have unexpected measure values for equivalent_diameter attribute.
2026-03-22 13:53:30.683 | WARNING  | AxonDeepSeg.morphometrics.compute_morphometrics:warn_if_measures_are_unexpected:363 - WARNING: Axon 35 at [y:1605.5, x:793.0] and corresponding myelinated axon 35 have unexpected measure values for area attribute.
2026-03-22 13:53:30.686 | WARNING  | AxonDeepSeg.morphometrics.compute_morphometrics:warn_if_measures_are_unexpected:363 - WARNING: Axon 36 at [y:862.0, x:801.5] and corresponding myelinated axon 36 have unexpected measure values for equivalent_diameter attribute.
2026-03-22 13:53:30.686 | WARNING  | AxonDeepSeg.morphometrics.compute_morphometrics:warn_if_measures_are_unexpected:363 - WARNING: Axon 36 at [y:862.0, x:801.5] and corresponding myelinated axon 36 have unexpected measure values for area attribute.
2026-03-22 13:53:30.688 | WARNING  | AxonDeepSeg.morphometrics.compute_morphometrics:warn_if_measures_are_unexpected:363 - WARNING: Axon 37 at [y:1949.5, x:866.5] and corresponding myelinated axon 37 have unexpected measure values for equivalent_diameter attribute.
2026-03-22 13:53:30.688 | WARNING  | AxonDeepSeg.morphometrics.compute_morphometrics:warn_if_measures_are_unexpected:363 - WARNING: Axon 37 at [y:1949.5, x:866.5] and corresponding myelinated axon 37 have unexpected measure values for area attribute.
2026-03-22 13:53:30.701 | WARNING  | AxonDeepSeg.morphometrics.compute_morphometrics:warn_if_measures_are_unexpected:363 - WARNING: Axon 39 at [y:1741.5, x:936.0] and corresponding myelinated axon 39 have unexpected measure values for equivalent_diameter attribute.
2026-03-22 13:53:30.701 | WARNING  | AxonDeepSeg.morphometrics.compute_morphometrics:warn_if_measures_are_unexpected:363 - WARNING: Axon 39 at [y:1741.5, x:936.0] and corresponding myelinated axon 39 have unexpected measure values for area attribute.
2026-03-22 13:53:30.704 | WARNING  | AxonDeepSeg.morphometrics.compute_morphometrics:warn_if_measures_are_unexpected:363 - WARNING: Axon 40 at [y:587.0, x:968.0] and corresponding myelinated axon 40 have unexpected measure values for equivalent_diameter attribute.
2026-03-22 13:53:30.704 | WARNING  | AxonDeepSeg.morphometrics.compute_morphometrics:warn_if_measures_are_unexpected:363 - WARNING: Axon 40 at [y:587.0, x:968.0] and corresponding myelinated axon 40 have unexpected measure values for area attribute.
2026-03-22 13:53:30.757 | WARNING  | AxonDeepSeg.morphometrics.compute_morphometrics:warn_if_measures_are_unexpected:363 - WARNING: Axon 44 at [y:1505.5, x:1092.2272727272727] and corresponding myelinated axon 44 have unexpected measure values for equivalent_diameter attribute.
2026-03-22 13:53:30.757 | WARNING  | AxonDeepSeg.morphometrics.compute_morphometrics:warn_if_measures_are_unexpected:363 - WARNING: Axon 44 at [y:1505.5, x:1092.2272727272727] and corresponding myelinated axon 44 have unexpected measure values for area attribute.
2026-03-22 13:53:30.763 | WARNING  | AxonDeepSeg.morphometrics.compute_morphometrics:warn_if_measures_are_unexpected:363 - WARNING: Axon 46 at [y:929.5, x:1138.5] and corresponding myelinated axon 46 have unexpected measure values for equivalent_diameter attribute.
2026-03-22 13:53:30.763 | WARNING  | AxonDeepSeg.morphometrics.compute_morphometrics:warn_if_measures_are_unexpected:363 - WARNING: Axon 46 at [y:929.5, x:1138.5] and corresponding myelinated axon 46 have unexpected measure values for area attribute.
2026-03-22 13:53:30.941 | WARNING  | AxonDeepSeg.morphometrics.compute_morphometrics:warn_if_measures_are_unexpected:363 - WARNING: Axon 70 at [y:1672.0, x:1509.5] and corresponding myelinated axon 70 have unexpected measure values for equivalent_diameter attribute.
2026-03-22 13:53:30.942 | WARNING  | AxonDeepSeg.morphometrics.compute_morphometrics:warn_if_measures_are_unexpected:363 - WARNING: Axon 70 at [y:1672.0, x:1509.5] and corresponding myelinated axon 70 have unexpected measure values for area attribute.
2026-03-22 13:53:31.027 | WARNING  | AxonDeepSeg.morphometrics.compute_morphometrics:warn_if_measures_are_unexpected:363 - WARNING: Axon 84 at [y:1934.5714285714287, x:1701.7142857142858] and corresponding myelinated axon 84 have unexpected measure values for equivalent_diameter attribute.
2026-03-22 13:53:31.027 | WARNING  | AxonDeepSeg.morphometrics.compute_morphometrics:warn_if_measures_are_unexpected:363 - WARNING: Axon 84 at [y:1934.5714285714287, x:1701.7142857142858] and corresponding myelinated axon 84 have unexpected measure values for area attribute.
2026-03-22 13:53:31.036 | WARNING  | AxonDeepSeg.morphometrics.compute_morphometrics:warn_if_measures_are_unexpected:363 - WARNING: Axon 86 at [y:1932.5, x:1708.0] and corresponding myelinated axon 86 have unexpected measure values for equivalent_diameter attribute.
2026-03-22 13:53:31.037 | WARNING  | AxonDeepSeg.morphometrics.compute_morphometrics:warn_if_measures_are_unexpected:363 - WARNING: Axon 86 at [y:1932.5, x:1708.0] and corresponding myelinated axon 86 have unexpected measure values for area attribute.
2026-03-22 13:53:31.127 | WARNING  | AxonDeepSeg.morphometrics.compute_morphometrics:warn_if_measures_are_unexpected:363 - WARNING: Axon 98 at [y:692.0, x:1895.5] and corresponding myelinated axon 98 have unexpected measure values for equivalent_diameter attribute.
2026-03-22 13:53:31.128 | WARNING  | AxonDeepSeg.morphometrics.compute_morphometrics:warn_if_measures_are_unexpected:363 - WARNING: Axon 98 at [y:692.0, x:1895.5] and corresponding myelinated axon 98 have unexpected measure values for area attribute.
2026-03-22 13:53:31.192 | WARNING  | AxonDeepSeg.morphometrics.compute_morphometrics:warn_if_measures_are_unexpected:363 - WARNING: Axon 107 at [y:2185.5, x:1993.5] and corresponding myelinated axon 107 have unexpected measure values for equivalent_diameter attribute.
2026-03-22 13:53:31.192 | WARNING  | AxonDeepSeg.morphometrics.compute_morphometrics:warn_if_measures_are_unexpected:363 - WARNING: Axon 107 at [y:2185.5, x:1993.5] and corresponding myelinated axon 107 have unexpected measure values for area attribute.
2026-03-22 13:53:31.248 | WARNING  | AxonDeepSeg.morphometrics.compute_morphometrics:warn_if_measures_are_unexpected:363 - WARNING: Axon 119 at [y:1213.5, x:2198.0] and corresponding myelinated axon 119 have unexpected measure values for equivalent_diameter attribute.
2026-03-22 13:53:31.248 | WARNING  | AxonDeepSeg.morphometrics.compute_morphometrics:warn_if_measures_are_unexpected:363 - WARNING: Axon 119 at [y:1213.5, x:2198.0] and corresponding myelinated axon 119 have unexpected measure values for area attribute.
2026-03-22 13:53:31.529 | WARNING  | AxonDeepSeg.morphometrics.compute_morphometrics:warn_if_measures_are_unexpected:363 - WARNING: Axon 152 at [y:461.7857142857143, x:2728.0714285714284] and corresponding myelinated axon 152 have unexpected measure values for equivalent_diameter attribute.
2026-03-22 13:53:31.529 | WARNING  | AxonDeepSeg.morphometrics.compute_morphometrics:warn_if_measures_are_unexpected:363 - WARNING: Axon 152 at [y:461.7857142857143, x:2728.0714285714284] and corresponding myelinated axon 152 have unexpected measure values for area attribute.
2026-03-22 13:53:31.531 | WARNING  | AxonDeepSeg.morphometrics.compute_morphometrics:warn_if_measures_are_unexpected:363 - WARNING: Axon 153 at [y:457.5, x:2745.5] and corresponding myelinated axon 153 have unexpected measure values for equivalent_diameter attribute.
2026-03-22 13:53:31.531 | WARNING  | AxonDeepSeg.morphometrics.compute_morphometrics:warn_if_measures_are_unexpected:363 - WARNING: Axon 153 at [y:457.5, x:2745.5] and corresponding myelinated axon 153 have unexpected measure values for area attribute.
2026-03-22 13:53:31.535 | WARNING  | AxonDeepSeg.morphometrics.compute_morphometrics:warn_if_measures_are_unexpected:363 - WARNING: Axon 154 at [y:457.5, x:2751.5] and corresponding myelinated axon 154 have unexpected measure values for equivalent_diameter attribute.
2026-03-22 13:53:31.535 | WARNING  | AxonDeepSeg.morphometrics.compute_morphometrics:warn_if_measures_are_unexpected:363 - WARNING: Axon 154 at [y:457.5, x:2751.5] and corresponding myelinated axon 154 have unexpected measure values for area attribute.
2026-03-22 13:53:31.563 | WARNING  | AxonDeepSeg.morphometrics.compute_morphometrics:get_axon_morphometrics:263 - WARNING: Myelin object not found for axon centroid [y:2805.0, x:2297.75]
2026-03-22 13:53:31.567 | WARNING  | AxonDeepSeg.morphometrics.compute_morphometrics:warn_if_measures_are_unexpected:363 - WARNING: Axon 161 at [y:2279.0, x:2808.5] and corresponding myelinated axon 161 have unexpected measure values for equivalent_diameter attribute.
2026-03-22 13:53:31.567 | WARNING  | AxonDeepSeg.morphometrics.compute_morphometrics:warn_if_measures_are_unexpected:363 - WARNING: Axon 161 at [y:2279.0, x:2808.5] and corresponding myelinated axon 161 have unexpected measure values for area attribute.
2026-03-22 13:53:32.181 | INFO     | AxonDeepSeg.morphometrics.launch_morphometrics_computation:main:363 - Morphometrics file: 05_axon_morphometrics.xlsx has been saved in the /Users/mathieuboudreau/neuropoly/projects/g-ratio/gow_analysis/data/macaque/data/sample4 directory
2026-03-22 13:53:33.909 | INFO     | AxonDeepSeg.morphometrics.launch_morphometrics_computation:main:219 - Logging initialized for morphometrics in "/Users/mathieuboudreau/neuropoly/projects/g-ratio/gow_analysis".
2026-03-22 13:53:33.909 | INFO     | AxonDeepSeg.morphometrics.launch_morphometrics_computation:main:220 - AxonDeepSeg v5.4.0 - 8972f83c028dc4393d84ed66af7d30d5e41ad593
2026-03-22 13:53:33.910 | INFO     | AxonDeepSeg.morphometrics.launch_morphometrics_computation:main:221 - Arguments: {'sizepixel': '0.009144', 'imgpath': ['/Users/mathieuboudreau/neuropoly/projects/g-ratio/gow_analysis/data/macaque/data/sample4/07.png'], 'filename': PosixPath('axon_morphometrics.xlsx'), 'axonshape': 'circle', 'colorize': False, 'unmyelinated': False, 'nerve': False, 'diameter_overlay': False}
2026-03-22 13:53:35.773 | WARNING  | AxonDeepSeg.morphometrics.compute_morphometrics:warn_if_measures_are_unexpected:363 - WARNING: Axon 13 at [y:661.5, x:20.5] and corresponding myelinated axon 13 have unexpected measure values for equivalent_diameter attribute.
2026-03-22 13:53:35.773 | WARNING  | AxonDeepSeg.morphometrics.compute_morphometrics:warn_if_measures_are_unexpected:363 - WARNING: Axon 13 at [y:661.5, x:20.5] and corresponding myelinated axon 13 have unexpected measure values for area attribute.
2026-03-22 13:53:35.790 | WARNING  | AxonDeepSeg.morphometrics.compute_morphometrics:warn_if_measures_are_unexpected:363 - WARNING: Axon 19 at [y:617.5, x:74.5] and corresponding myelinated axon 19 have unexpected measure values for equivalent_diameter attribute.
2026-03-22 13:53:35.790 | WARNING  | AxonDeepSeg.morphometrics.compute_morphometrics:warn_if_measures_are_unexpected:363 - WARNING: Axon 19 at [y:617.5, x:74.5] and corresponding myelinated axon 19 have unexpected measure values for area attribute.
2026-03-22 13:53:35.868 | WARNING  | AxonDeepSeg.morphometrics.compute_morphometrics:warn_if_measures_are_unexpected:363 - WARNING: Axon 30 at [y:1870.0, x:306.0] and corresponding myelinated axon 30 have unexpected measure values for equivalent_diameter attribute.
2026-03-22 13:53:35.869 | WARNING  | AxonDeepSeg.morphometrics.compute_morphometrics:warn_if_measures_are_unexpected:363 - WARNING: Axon 30 at [y:1870.0, x:306.0] and corresponding myelinated axon 30 have unexpected measure values for area attribute.
2026-03-22 13:53:35.989 | WARNING  | AxonDeepSeg.morphometrics.compute_morphometrics:warn_if_measures_are_unexpected:363 - WARNING: Axon 46 at [y:1985.0, x:539.5] and corresponding myelinated axon 46 have unexpected measure values for equivalent_diameter attribute.
2026-03-22 13:53:35.989 | WARNING  | AxonDeepSeg.morphometrics.compute_morphometrics:warn_if_measures_are_unexpected:363 - WARNING: Axon 46 at [y:1985.0, x:539.5] and corresponding myelinated axon 46 have unexpected measure values for area attribute.
2026-03-22 13:53:36.129 | WARNING  | AxonDeepSeg.morphometrics.compute_morphometrics:warn_if_measures_are_unexpected:363 - WARNING: Axon 73 at [y:240.4, x:980.6] and corresponding myelinated axon 73 have unexpected measure values for equivalent_diameter attribute.
2026-03-22 13:53:36.129 | WARNING  | AxonDeepSeg.morphometrics.compute_morphometrics:warn_if_measures_are_unexpected:363 - WARNING: Axon 73 at [y:240.4, x:980.6] and corresponding myelinated axon 73 have unexpected measure values for area attribute.
2026-03-22 13:53:36.143 | WARNING  | AxonDeepSeg.morphometrics.compute_morphometrics:warn_if_measures_are_unexpected:363 - WARNING: Axon 76 at [y:2015.0555555555557, x:1038.3333333333333] and corresponding myelinated axon 76 have unexpected measure values for equivalent_diameter attribute.
2026-03-22 13:53:36.143 | WARNING  | AxonDeepSeg.morphometrics.compute_morphometrics:warn_if_measures_are_unexpected:363 - WARNING: Axon 76 at [y:2015.0555555555557, x:1038.3333333333333] and corresponding myelinated axon 76 have unexpected measure values for area attribute.
2026-03-22 13:53:36.249 | WARNING  | AxonDeepSeg.morphometrics.compute_morphometrics:warn_if_measures_are_unexpected:363 - WARNING: Axon 94 at [y:2107.5, x:1264.75] and corresponding myelinated axon 94 have unexpected measure values for equivalent_diameter attribute.
2026-03-22 13:53:36.249 | WARNING  | AxonDeepSeg.morphometrics.compute_morphometrics:warn_if_measures_are_unexpected:363 - WARNING: Axon 94 at [y:2107.5, x:1264.75] and corresponding myelinated axon 94 have unexpected measure values for area attribute.
2026-03-22 13:53:36.252 | WARNING  | AxonDeepSeg.morphometrics.compute_morphometrics:warn_if_measures_are_unexpected:363 - WARNING: Axon 95 at [y:2129.4555555555557, x:1266.4444444444443] and corresponding myelinated axon 95 have unexpected measure values for equivalent_diameter attribute.
2026-03-22 13:53:36.253 | WARNING  | AxonDeepSeg.morphometrics.compute_morphometrics:warn_if_measures_are_unexpected:363 - WARNING: Axon 95 at [y:2129.4555555555557, x:1266.4444444444443] and corresponding myelinated axon 95 have unexpected measure values for area attribute.
2026-03-22 13:53:36.513 | WARNING  | AxonDeepSeg.morphometrics.compute_morphometrics:get_axon_morphometrics:263 - WARNING: Myelin object not found for axon centroid [y:1815.5307907627712, x:1499.5601819454164]
2026-03-22 13:53:36.572 | WARNING  | AxonDeepSeg.morphometrics.compute_morphometrics:warn_if_measures_are_unexpected:363 - WARNING: Axon 143 at [y:1877.0, x:1895.5] and corresponding myelinated axon 143 have unexpected measure values for equivalent_diameter attribute.
2026-03-22 13:53:36.573 | WARNING  | AxonDeepSeg.morphometrics.compute_morphometrics:warn_if_measures_are_unexpected:363 - WARNING: Axon 143 at [y:1877.0, x:1895.5] and corresponding myelinated axon 143 have unexpected measure values for area attribute.
2026-03-22 13:53:36.648 | WARNING  | AxonDeepSeg.morphometrics.compute_morphometrics:warn_if_measures_are_unexpected:363 - WARNING: Axon 153 at [y:606.5909090909091, x:2107.409090909091] and corresponding myelinated axon 153 have unexpected measure values for equivalent_diameter attribute.
2026-03-22 13:53:36.648 | WARNING  | AxonDeepSeg.morphometrics.compute_morphometrics:warn_if_measures_are_unexpected:363 - WARNING: Axon 153 at [y:606.5909090909091, x:2107.409090909091] and corresponding myelinated axon 153 have unexpected measure values for area attribute.
2026-03-22 13:53:36.676 | WARNING  | AxonDeepSeg.morphometrics.compute_morphometrics:warn_if_measures_are_unexpected:363 - WARNING: Axon 155 at [y:238.85714285714286, x:2136.9285714285716] and corresponding myelinated axon 155 have unexpected measure values for equivalent_diameter attribute.
2026-03-22 13:53:36.677 | WARNING  | AxonDeepSeg.morphometrics.compute_morphometrics:warn_if_measures_are_unexpected:363 - WARNING: Axon 155 at [y:238.85714285714286, x:2136.9285714285716] and corresponding myelinated axon 155 have unexpected measure values for area attribute.
2026-03-22 13:53:36.734 | WARNING  | AxonDeepSeg.morphometrics.compute_morphometrics:warn_if_measures_are_unexpected:363 - WARNING: Axon 163 at [y:1313.0, x:2380.0] and corresponding myelinated axon 163 have unexpected measure values for equivalent_diameter attribute.
2026-03-22 13:53:36.734 | WARNING  | AxonDeepSeg.morphometrics.compute_morphometrics:warn_if_measures_are_unexpected:363 - WARNING: Axon 163 at [y:1313.0, x:2380.0] and corresponding myelinated axon 163 have unexpected measure values for area attribute.
2026-03-22 13:53:36.746 | WARNING  | AxonDeepSeg.morphometrics.compute_morphometrics:warn_if_measures_are_unexpected:363 - WARNING: Axon 165 at [y:49.5, x:2399.5] and corresponding myelinated axon 165 have unexpected measure values for equivalent_diameter attribute.
2026-03-22 13:53:36.746 | WARNING  | AxonDeepSeg.morphometrics.compute_morphometrics:warn_if_measures_are_unexpected:363 - WARNING: Axon 165 at [y:49.5, x:2399.5] and corresponding myelinated axon 165 have unexpected measure values for area attribute.
2026-03-22 13:53:36.760 | WARNING  | AxonDeepSeg.morphometrics.compute_morphometrics:warn_if_measures_are_unexpected:363 - WARNING: Axon 168 at [y:1357.0, x:2440.0] and corresponding myelinated axon 168 have unexpected measure values for equivalent_diameter attribute.
2026-03-22 13:53:36.760 | WARNING  | AxonDeepSeg.morphometrics.compute_morphometrics:warn_if_measures_are_unexpected:363 - WARNING: Axon 168 at [y:1357.0, x:2440.0] and corresponding myelinated axon 168 have unexpected measure values for area attribute.
2026-03-22 13:53:36.833 | WARNING  | AxonDeepSeg.morphometrics.compute_morphometrics:warn_if_measures_are_unexpected:363 - WARNING: Axon 178 at [y:1056.0, x:2631.5] and corresponding myelinated axon 178 have unexpected measure values for equivalent_diameter attribute.
2026-03-22 13:53:36.833 | WARNING  | AxonDeepSeg.morphometrics.compute_morphometrics:warn_if_measures_are_unexpected:363 - WARNING: Axon 178 at [y:1056.0, x:2631.5] and corresponding myelinated axon 178 have unexpected measure values for area attribute.
2026-03-22 13:53:36.927 | WARNING  | AxonDeepSeg.morphometrics.compute_morphometrics:get_axon_morphometrics:263 - WARNING: Myelin object not found for axon centroid [y:2754.0, x:166.61111111111111]
2026-03-22 13:53:37.622 | INFO     | AxonDeepSeg.morphometrics.launch_morphometrics_computation:main:363 - Morphometrics file: 07_axon_morphometrics.xlsx has been saved in the /Users/mathieuboudreau/neuropoly/projects/g-ratio/gow_analysis/data/macaque/data/sample4 directory
2026-03-22 13:53:39.162 | INFO     | AxonDeepSeg.morphometrics.launch_morphometrics_computation:main:219 - Logging initialized for morphometrics in "/Users/mathieuboudreau/neuropoly/projects/g-ratio/gow_analysis".
2026-03-22 13:53:39.163 | INFO     | AxonDeepSeg.morphometrics.launch_morphometrics_computation:main:220 - AxonDeepSeg v5.4.0 - 8972f83c028dc4393d84ed66af7d30d5e41ad593
2026-03-22 13:53:39.163 | INFO     | AxonDeepSeg.morphometrics.launch_morphometrics_computation:main:221 - Arguments: {'sizepixel': '0.009144', 'imgpath': ['/Users/mathieuboudreau/neuropoly/projects/g-ratio/gow_analysis/data/macaque/data/sample5/01.png'], 'filename': PosixPath('axon_morphometrics.xlsx'), 'axonshape': 'circle', 'colorize': False, 'unmyelinated': False, 'nerve': False, 'diameter_overlay': False}
2026-03-22 13:53:43.076 | WARNING  | AxonDeepSeg.morphometrics.compute_morphometrics:warn_if_measures_are_unexpected:363 - WARNING: Axon 32 at [y:293.5, x:643.5] and corresponding myelinated axon 32 have unexpected measure values for equivalent_diameter attribute.
2026-03-22 13:53:43.078 | WARNING  | AxonDeepSeg.morphometrics.compute_morphometrics:warn_if_measures_are_unexpected:363 - WARNING: Axon 32 at [y:293.5, x:643.5] and corresponding myelinated axon 32 have unexpected measure values for area attribute.
2026-03-22 13:53:43.082 | WARNING  | AxonDeepSeg.morphometrics.compute_morphometrics:warn_if_measures_are_unexpected:363 - WARNING: Axon 33 at [y:299.0, x:654.0] and corresponding myelinated axon 33 have unexpected measure values for equivalent_diameter attribute.
2026-03-22 13:53:43.082 | WARNING  | AxonDeepSeg.morphometrics.compute_morphometrics:warn_if_measures_are_unexpected:363 - WARNING: Axon 33 at [y:299.0, x:654.0] and corresponding myelinated axon 33 have unexpected measure values for area attribute.
2026-03-22 13:53:44.876 | WARNING  | AxonDeepSeg.morphometrics.compute_morphometrics:warn_if_measures_are_unexpected:363 - WARNING: Axon 128 at [y:2296.0, x:1839.5] and corresponding myelinated axon 128 have unexpected measure values for equivalent_diameter attribute.
2026-03-22 13:53:44.877 | WARNING  | AxonDeepSeg.morphometrics.compute_morphometrics:warn_if_measures_are_unexpected:363 - WARNING: Axon 128 at [y:2296.0, x:1839.5] and corresponding myelinated axon 128 have unexpected measure values for area attribute.
2026-03-22 13:53:44.880 | WARNING  | AxonDeepSeg.morphometrics.compute_morphometrics:warn_if_measures_are_unexpected:363 - WARNING: Axon 129 at [y:2292.0, x:1841.5] and corresponding myelinated axon 129 have unexpected measure values for equivalent_diameter attribute.
2026-03-22 13:53:44.881 | WARNING  | AxonDeepSeg.morphometrics.compute_morphometrics:warn_if_measures_are_unexpected:363 - WARNING: Axon 129 at [y:2292.0, x:1841.5] and corresponding myelinated axon 129 have unexpected measure values for area attribute.
2026-03-22 13:53:47.497 | INFO     | AxonDeepSeg.morphometrics.launch_morphometrics_computation:main:363 - Morphometrics file: 01_axon_morphometrics.xlsx has been saved in the /Users/mathieuboudreau/neuropoly/projects/g-ratio/gow_analysis/data/macaque/data/sample5 directory
2026-03-22 13:53:49.879 | INFO     | AxonDeepSeg.morphometrics.launch_morphometrics_computation:main:219 - Logging initialized for morphometrics in "/Users/mathieuboudreau/neuropoly/projects/g-ratio/gow_analysis".
2026-03-22 13:53:49.880 | INFO     | AxonDeepSeg.morphometrics.launch_morphometrics_computation:main:220 - AxonDeepSeg v5.4.0 - 8972f83c028dc4393d84ed66af7d30d5e41ad593
2026-03-22 13:53:49.880 | INFO     | AxonDeepSeg.morphometrics.launch_morphometrics_computation:main:221 - Arguments: {'sizepixel': '0.009144', 'imgpath': ['/Users/mathieuboudreau/neuropoly/projects/g-ratio/gow_analysis/data/macaque/data/sample5/03.png'], 'filename': PosixPath('axon_morphometrics.xlsx'), 'axonshape': 'circle', 'colorize': False, 'unmyelinated': False, 'nerve': False, 'diameter_overlay': False}
2026-03-22 13:53:55.558 | WARNING  | AxonDeepSeg.morphometrics.compute_morphometrics:warn_if_measures_are_unexpected:363 - WARNING: Axon 172 at [y:1317.5, x:2509.0] and corresponding myelinated axon 172 have unexpected measure values for equivalent_diameter attribute.
2026-03-22 13:53:55.559 | WARNING  | AxonDeepSeg.morphometrics.compute_morphometrics:warn_if_measures_are_unexpected:363 - WARNING: Axon 172 at [y:1317.5, x:2509.0] and corresponding myelinated axon 172 have unexpected measure values for area attribute.
2026-03-22 13:53:56.542 | INFO     | AxonDeepSeg.morphometrics.launch_morphometrics_computation:main:363 - Morphometrics file: 03_axon_morphometrics.xlsx has been saved in the /Users/mathieuboudreau/neuropoly/projects/g-ratio/gow_analysis/data/macaque/data/sample5 directory
2026-03-22 13:53:58.538 | INFO     | AxonDeepSeg.morphometrics.launch_morphometrics_computation:main:219 - Logging initialized for morphometrics in "/Users/mathieuboudreau/neuropoly/projects/g-ratio/gow_analysis".
2026-03-22 13:53:58.539 | INFO     | AxonDeepSeg.morphometrics.launch_morphometrics_computation:main:220 - AxonDeepSeg v5.4.0 - 8972f83c028dc4393d84ed66af7d30d5e41ad593
2026-03-22 13:53:58.539 | INFO     | AxonDeepSeg.morphometrics.launch_morphometrics_computation:main:221 - Arguments: {'sizepixel': '0.009144', 'imgpath': ['/Users/mathieuboudreau/neuropoly/projects/g-ratio/gow_analysis/data/macaque/data/sample5/05.png'], 'filename': PosixPath('axon_morphometrics.xlsx'), 'axonshape': 'circle', 'colorize': False, 'unmyelinated': False, 'nerve': False, 'diameter_overlay': False}
2026-03-22 13:54:04.057 | WARNING  | AxonDeepSeg.morphometrics.compute_morphometrics:warn_if_measures_are_unexpected:363 - WARNING: Axon 245 at [y:2060.714285714286, x:2739.4285714285716] and corresponding myelinated axon 245 have unexpected measure values for equivalent_diameter attribute.
2026-03-22 13:54:04.058 | WARNING  | AxonDeepSeg.morphometrics.compute_morphometrics:warn_if_measures_are_unexpected:363 - WARNING: Axon 245 at [y:2060.714285714286, x:2739.4285714285716] and corresponding myelinated axon 245 have unexpected measure values for area attribute.
2026-03-22 13:54:04.995 | INFO     | AxonDeepSeg.morphometrics.launch_morphometrics_computation:main:363 - Morphometrics file: 05_axon_morphometrics.xlsx has been saved in the /Users/mathieuboudreau/neuropoly/projects/g-ratio/gow_analysis/data/macaque/data/sample5 directory
2026-03-22 13:54:07.178 | INFO     | AxonDeepSeg.morphometrics.launch_morphometrics_computation:main:219 - Logging initialized for morphometrics in "/Users/mathieuboudreau/neuropoly/projects/g-ratio/gow_analysis".
2026-03-22 13:54:07.179 | INFO     | AxonDeepSeg.morphometrics.launch_morphometrics_computation:main:220 - AxonDeepSeg v5.4.0 - 8972f83c028dc4393d84ed66af7d30d5e41ad593
2026-03-22 13:54:07.179 | INFO     | AxonDeepSeg.morphometrics.launch_morphometrics_computation:main:221 - Arguments: {'sizepixel': '0.009144', 'imgpath': ['/Users/mathieuboudreau/neuropoly/projects/g-ratio/gow_analysis/data/macaque/data/sample6/01.png'], 'filename': PosixPath('axon_morphometrics.xlsx'), 'axonshape': 'circle', 'colorize': False, 'unmyelinated': False, 'nerve': False, 'diameter_overlay': False}
2026-03-22 13:54:10.323 | WARNING  | AxonDeepSeg.morphometrics.compute_morphometrics:warn_if_measures_are_unexpected:363 - WARNING: Axon 72 at [y:1253.5, x:871.5] and corresponding myelinated axon 72 have unexpected measure values for equivalent_diameter attribute.
2026-03-22 13:54:10.324 | WARNING  | AxonDeepSeg.morphometrics.compute_morphometrics:warn_if_measures_are_unexpected:363 - WARNING: Axon 72 at [y:1253.5, x:871.5] and corresponding myelinated axon 72 have unexpected measure values for area attribute.
2026-03-22 13:54:10.328 | WARNING  | AxonDeepSeg.morphometrics.compute_morphometrics:warn_if_measures_are_unexpected:363 - WARNING: Axon 73 at [y:1247.5, x:877.5] and corresponding myelinated axon 73 have unexpected measure values for equivalent_diameter attribute.
2026-03-22 13:54:10.328 | WARNING  | AxonDeepSeg.morphometrics.compute_morphometrics:warn_if_measures_are_unexpected:363 - WARNING: Axon 73 at [y:1247.5, x:877.5] and corresponding myelinated axon 73 have unexpected measure values for area attribute.
2026-03-22 13:54:10.332 | WARNING  | AxonDeepSeg.morphometrics.compute_morphometrics:warn_if_measures_are_unexpected:363 - WARNING: Axon 74 at [y:1245.5, x:882.5] and corresponding myelinated axon 74 have unexpected measure values for equivalent_diameter attribute.
2026-03-22 13:54:10.332 | WARNING  | AxonDeepSeg.morphometrics.compute_morphometrics:warn_if_measures_are_unexpected:363 - WARNING: Axon 74 at [y:1245.5, x:882.5] and corresponding myelinated axon 74 have unexpected measure values for area attribute.
2026-03-22 13:54:11.010 | WARNING  | AxonDeepSeg.morphometrics.compute_morphometrics:warn_if_measures_are_unexpected:363 - WARNING: Axon 186 at [y:699.5586319218241, x:2227.8341088878547] and corresponding myelinated axon 186 have unexpected measure values for equivalent_diameter attribute.
2026-03-22 13:54:11.011 | WARNING  | AxonDeepSeg.morphometrics.compute_morphometrics:warn_if_measures_are_unexpected:363 - WARNING: Axon 186 at [y:699.5586319218241, x:2227.8341088878547] and corresponding myelinated axon 186 have unexpected measure values for area attribute.
2026-03-22 13:54:11.026 | WARNING  | AxonDeepSeg.morphometrics.compute_morphometrics:warn_if_measures_are_unexpected:363 - WARNING: Axon 190 at [y:2187.5, x:2181.5] and corresponding myelinated axon 190 have unexpected measure values for equivalent_diameter attribute.
2026-03-22 13:54:11.026 | WARNING  | AxonDeepSeg.morphometrics.compute_morphometrics:warn_if_measures_are_unexpected:363 - WARNING: Axon 190 at [y:2187.5, x:2181.5] and corresponding myelinated axon 190 have unexpected measure values for area attribute.
2026-03-22 13:54:12.247 | INFO     | AxonDeepSeg.morphometrics.launch_morphometrics_computation:main:363 - Morphometrics file: 01_axon_morphometrics.xlsx has been saved in the /Users/mathieuboudreau/neuropoly/projects/g-ratio/gow_analysis/data/macaque/data/sample6 directory
2026-03-22 13:54:14.289 | INFO     | AxonDeepSeg.morphometrics.launch_morphometrics_computation:main:219 - Logging initialized for morphometrics in "/Users/mathieuboudreau/neuropoly/projects/g-ratio/gow_analysis".
2026-03-22 13:54:14.289 | INFO     | AxonDeepSeg.morphometrics.launch_morphometrics_computation:main:220 - AxonDeepSeg v5.4.0 - 8972f83c028dc4393d84ed66af7d30d5e41ad593
2026-03-22 13:54:14.290 | INFO     | AxonDeepSeg.morphometrics.launch_morphometrics_computation:main:221 - Arguments: {'sizepixel': '0.009144', 'imgpath': ['/Users/mathieuboudreau/neuropoly/projects/g-ratio/gow_analysis/data/macaque/data/sample6/03.png'], 'filename': PosixPath('axon_morphometrics.xlsx'), 'axonshape': 'circle', 'colorize': False, 'unmyelinated': False, 'nerve': False, 'diameter_overlay': False}
2026-03-22 13:54:17.080 | WARNING  | AxonDeepSeg.morphometrics.compute_morphometrics:warn_if_measures_are_unexpected:363 - WARNING: Axon 17 at [y:480.68918918918916, x:149.3128898128898] and corresponding myelinated axon 17 have unexpected measure values for equivalent_diameter attribute.
2026-03-22 13:54:17.080 | WARNING  | AxonDeepSeg.morphometrics.compute_morphometrics:warn_if_measures_are_unexpected:363 - WARNING: Axon 17 at [y:480.68918918918916, x:149.3128898128898] and corresponding myelinated axon 17 have unexpected measure values for area attribute.
2026-03-22 13:54:17.373 | WARNING  | AxonDeepSeg.morphometrics.compute_morphometrics:warn_if_measures_are_unexpected:363 - WARNING: Axon 62 at [y:208.75, x:545.0] and corresponding myelinated axon 62 have unexpected measure values for equivalent_diameter attribute.
2026-03-22 13:54:17.374 | WARNING  | AxonDeepSeg.morphometrics.compute_morphometrics:warn_if_measures_are_unexpected:363 - WARNING: Axon 62 at [y:208.75, x:545.0] and corresponding myelinated axon 62 have unexpected measure values for area attribute.
2026-03-22 13:54:17.385 | WARNING  | AxonDeepSeg.morphometrics.compute_morphometrics:warn_if_measures_are_unexpected:363 - WARNING: Axon 65 at [y:119.0, x:577.5] and corresponding myelinated axon 65 have unexpected measure values for equivalent_diameter attribute.
2026-03-22 13:54:17.385 | WARNING  | AxonDeepSeg.morphometrics.compute_morphometrics:warn_if_measures_are_unexpected:363 - WARNING: Axon 65 at [y:119.0, x:577.5] and corresponding myelinated axon 65 have unexpected measure values for area attribute.
2026-03-22 13:54:18.971 | WARNING  | AxonDeepSeg.morphometrics.compute_morphometrics:get_axon_morphometrics:263 - WARNING: Myelin object not found for axon centroid [y:2417.3815468940315, x:817.4457978075518]
2026-03-22 13:54:19.464 | WARNING  | AxonDeepSeg.morphometrics.compute_morphometrics:warn_if_measures_are_unexpected:363 - WARNING: Axon 267 at [y:673.6129396579541, x:2966.821716682801] and corresponding myelinated axon 267 have unexpected measure values for equivalent_diameter attribute.
2026-03-22 13:54:19.465 | WARNING  | AxonDeepSeg.morphometrics.compute_morphometrics:warn_if_measures_are_unexpected:363 - WARNING: Axon 267 at [y:673.6129396579541, x:2966.821716682801] and corresponding myelinated axon 267 have unexpected measure values for area attribute.
2026-03-22 13:54:20.099 | INFO     | AxonDeepSeg.morphometrics.launch_morphometrics_computation:main:363 - Morphometrics file: 03_axon_morphometrics.xlsx has been saved in the /Users/mathieuboudreau/neuropoly/projects/g-ratio/gow_analysis/data/macaque/data/sample6 directory
2026-03-22 13:54:21.798 | INFO     | AxonDeepSeg.morphometrics.launch_morphometrics_computation:main:219 - Logging initialized for morphometrics in "/Users/mathieuboudreau/neuropoly/projects/g-ratio/gow_analysis".
2026-03-22 13:54:21.798 | INFO     | AxonDeepSeg.morphometrics.launch_morphometrics_computation:main:220 - AxonDeepSeg v5.4.0 - 8972f83c028dc4393d84ed66af7d30d5e41ad593
2026-03-22 13:54:21.798 | INFO     | AxonDeepSeg.morphometrics.launch_morphometrics_computation:main:221 - Arguments: {'sizepixel': '0.009144', 'imgpath': ['/Users/mathieuboudreau/neuropoly/projects/g-ratio/gow_analysis/data/macaque/data/sample6/05.png'], 'filename': PosixPath('axon_morphometrics.xlsx'), 'axonshape': 'circle', 'colorize': False, 'unmyelinated': False, 'nerve': False, 'diameter_overlay': False}
2026-03-22 13:54:25.385 | WARNING  | AxonDeepSeg.morphometrics.compute_morphometrics:warn_if_measures_are_unexpected:363 - WARNING: Axon 110 at [y:2162.638928927819, x:1233.348320212884] and corresponding myelinated axon 110 have unexpected measure values for equivalent_diameter attribute.
2026-03-22 13:54:25.386 | WARNING  | AxonDeepSeg.morphometrics.compute_morphometrics:warn_if_measures_are_unexpected:363 - WARNING: Axon 110 at [y:2162.638928927819, x:1233.348320212884] and corresponding myelinated axon 110 have unexpected measure values for area attribute.
2026-03-22 13:54:27.267 | INFO     | AxonDeepSeg.morphometrics.launch_morphometrics_computation:main:363 - Morphometrics file: 05_axon_morphometrics.xlsx has been saved in the /Users/mathieuboudreau/neuropoly/projects/g-ratio/gow_analysis/data/macaque/data/sample6 directory
2026-03-22 13:54:29.017 | INFO     | AxonDeepSeg.morphometrics.launch_morphometrics_computation:main:219 - Logging initialized for morphometrics in "/Users/mathieuboudreau/neuropoly/projects/g-ratio/gow_analysis".
2026-03-22 13:54:29.017 | INFO     | AxonDeepSeg.morphometrics.launch_morphometrics_computation:main:220 - AxonDeepSeg v5.4.0 - 8972f83c028dc4393d84ed66af7d30d5e41ad593
2026-03-22 13:54:29.018 | INFO     | AxonDeepSeg.morphometrics.launch_morphometrics_computation:main:221 - Arguments: {'sizepixel': '0.009144', 'imgpath': ['/Users/mathieuboudreau/neuropoly/projects/g-ratio/gow_analysis/data/macaque/data/sample7/01.png'], 'filename': PosixPath('axon_morphometrics.xlsx'), 'axonshape': 'circle', 'colorize': False, 'unmyelinated': False, 'nerve': False, 'diameter_overlay': False}
2026-03-22 13:54:33.224 | WARNING  | AxonDeepSeg.morphometrics.compute_morphometrics:get_axon_morphometrics:263 - WARNING: Myelin object not found for axon centroid [y:2841.7602545968884, x:54.56647807637906]
2026-03-22 13:54:34.015 | INFO     | AxonDeepSeg.morphometrics.launch_morphometrics_computation:main:363 - Morphometrics file: 01_axon_morphometrics.xlsx has been saved in the /Users/mathieuboudreau/neuropoly/projects/g-ratio/gow_analysis/data/macaque/data/sample7 directory
2026-03-22 13:54:35.753 | INFO     | AxonDeepSeg.morphometrics.launch_morphometrics_computation:main:219 - Logging initialized for morphometrics in "/Users/mathieuboudreau/neuropoly/projects/g-ratio/gow_analysis".
2026-03-22 13:54:35.754 | INFO     | AxonDeepSeg.morphometrics.launch_morphometrics_computation:main:220 - AxonDeepSeg v5.4.0 - 8972f83c028dc4393d84ed66af7d30d5e41ad593
2026-03-22 13:54:35.754 | INFO     | AxonDeepSeg.morphometrics.launch_morphometrics_computation:main:221 - Arguments: {'sizepixel': '0.009144', 'imgpath': ['/Users/mathieuboudreau/neuropoly/projects/g-ratio/gow_analysis/data/macaque/data/sample7/03.png'], 'filename': PosixPath('axon_morphometrics.xlsx'), 'axonshape': 'circle', 'colorize': False, 'unmyelinated': False, 'nerve': False, 'diameter_overlay': False}
2026-03-22 13:54:38.873 | WARNING  | AxonDeepSeg.morphometrics.compute_morphometrics:warn_if_measures_are_unexpected:363 - WARNING: Axon 129 at [y:1298.3, x:1173.1] and corresponding myelinated axon 129 have unexpected measure values for equivalent_diameter attribute.
2026-03-22 13:54:38.873 | WARNING  | AxonDeepSeg.morphometrics.compute_morphometrics:warn_if_measures_are_unexpected:363 - WARNING: Axon 129 at [y:1298.3, x:1173.1] and corresponding myelinated axon 129 have unexpected measure values for area attribute.
2026-03-22 13:54:38.875 | WARNING  | AxonDeepSeg.morphometrics.compute_morphometrics:warn_if_measures_are_unexpected:363 - WARNING: Axon 130 at [y:1294.1666666666667, x:1180.1666666666667] and corresponding myelinated axon 130 have unexpected measure values for equivalent_diameter attribute.
2026-03-22 13:54:38.875 | WARNING  | AxonDeepSeg.morphometrics.compute_morphometrics:warn_if_measures_are_unexpected:363 - WARNING: Axon 130 at [y:1294.1666666666667, x:1180.1666666666667] and corresponding myelinated axon 130 have unexpected measure values for area attribute.
2026-03-22 13:54:38.949 | WARNING  | AxonDeepSeg.morphometrics.compute_morphometrics:warn_if_measures_are_unexpected:363 - WARNING: Axon 154 at [y:806.4675544794189, x:1357.3566585956416] and corresponding myelinated axon 154 have unexpected measure values for equivalent_diameter attribute.
2026-03-22 13:54:38.950 | WARNING  | AxonDeepSeg.morphometrics.compute_morphometrics:warn_if_measures_are_unexpected:363 - WARNING: Axon 154 at [y:806.4675544794189, x:1357.3566585956416] and corresponding myelinated axon 154 have unexpected measure values for area attribute.
2026-03-22 13:54:38.955 | WARNING  | AxonDeepSeg.morphometrics.compute_morphometrics:warn_if_measures_are_unexpected:363 - WARNING: Axon 156 at [y:1468.1666666666667, x:1309.5] and corresponding myelinated axon 156 have unexpected measure values for equivalent_diameter attribute.
2026-03-22 13:54:38.955 | WARNING  | AxonDeepSeg.morphometrics.compute_morphometrics:warn_if_measures_are_unexpected:363 - WARNING: Axon 156 at [y:1468.1666666666667, x:1309.5] and corresponding myelinated axon 156 have unexpected measure values for area attribute.
2026-03-22 13:54:38.956 | WARNING  | AxonDeepSeg.morphometrics.compute_morphometrics:get_axon_morphometrics:263 - WARNING: Myelin object not found for axon centroid [y:1310.8333333333333, x:1460.8333333333333]
2026-03-22 13:54:39.149 | WARNING  | AxonDeepSeg.morphometrics.compute_morphometrics:warn_if_measures_are_unexpected:363 - WARNING: Axon 194 at [y:1522.5, x:1603.0] and corresponding myelinated axon 194 have unexpected measure values for equivalent_diameter attribute.
2026-03-22 13:54:39.150 | WARNING  | AxonDeepSeg.morphometrics.compute_morphometrics:warn_if_measures_are_unexpected:363 - WARNING: Axon 194 at [y:1522.5, x:1603.0] and corresponding myelinated axon 194 have unexpected measure values for area attribute.
2026-03-22 13:54:40.068 | WARNING  | AxonDeepSeg.morphometrics.compute_morphometrics:warn_if_measures_are_unexpected:363 - WARNING: Axon 322 at [y:4.590909090909091, x:3036.0454545454545] and corresponding myelinated axon 322 have unexpected measure values for equivalent_diameter attribute.
2026-03-22 13:54:40.069 | WARNING  | AxonDeepSeg.morphometrics.compute_morphometrics:warn_if_measures_are_unexpected:363 - WARNING: Axon 322 at [y:4.590909090909091, x:3036.0454545454545] and corresponding myelinated axon 322 have unexpected measure values for area attribute.
2026-03-22 13:54:40.628 | INFO     | AxonDeepSeg.morphometrics.launch_morphometrics_computation:main:363 - Morphometrics file: 03_axon_morphometrics.xlsx has been saved in the /Users/mathieuboudreau/neuropoly/projects/g-ratio/gow_analysis/data/macaque/data/sample7 directory
2026-03-22 13:54:42.351 | INFO     | AxonDeepSeg.morphometrics.launch_morphometrics_computation:main:219 - Logging initialized for morphometrics in "/Users/mathieuboudreau/neuropoly/projects/g-ratio/gow_analysis".
2026-03-22 13:54:42.352 | INFO     | AxonDeepSeg.morphometrics.launch_morphometrics_computation:main:220 - AxonDeepSeg v5.4.0 - 8972f83c028dc4393d84ed66af7d30d5e41ad593
2026-03-22 13:54:42.352 | INFO     | AxonDeepSeg.morphometrics.launch_morphometrics_computation:main:221 - Arguments: {'sizepixel': '0.009144', 'imgpath': ['/Users/mathieuboudreau/neuropoly/projects/g-ratio/gow_analysis/data/macaque/data/sample7/05.png'], 'filename': PosixPath('axon_morphometrics.xlsx'), 'axonshape': 'circle', 'colorize': False, 'unmyelinated': False, 'nerve': False, 'diameter_overlay': False}
2026-03-22 13:54:46.086 | WARNING  | AxonDeepSeg.morphometrics.compute_morphometrics:warn_if_measures_are_unexpected:363 - WARNING: Axon 195 at [y:2219.5, x:1853.5] and corresponding myelinated axon 195 have unexpected measure values for equivalent_diameter attribute.
2026-03-22 13:54:46.087 | WARNING  | AxonDeepSeg.morphometrics.compute_morphometrics:warn_if_measures_are_unexpected:363 - WARNING: Axon 195 at [y:2219.5, x:1853.5] and corresponding myelinated axon 195 have unexpected measure values for area attribute.
2026-03-22 13:54:46.688 | WARNING  | AxonDeepSeg.morphometrics.compute_morphometrics:warn_if_measures_are_unexpected:363 - WARNING: Axon 280 at [y:508.873417721519, x:2627.4430379746836] and corresponding myelinated axon 280 have unexpected measure values for equivalent_diameter attribute.
2026-03-22 13:54:46.688 | WARNING  | AxonDeepSeg.morphometrics.compute_morphometrics:warn_if_measures_are_unexpected:363 - WARNING: Axon 280 at [y:508.873417721519, x:2627.4430379746836] and corresponding myelinated axon 280 have unexpected measure values for area attribute.
2026-03-22 13:54:46.691 | WARNING  | AxonDeepSeg.morphometrics.compute_morphometrics:warn_if_measures_are_unexpected:363 - WARNING: Axon 281 at [y:1070.25, x:2630.25] and corresponding myelinated axon 281 have unexpected measure values for equivalent_diameter attribute.
2026-03-22 13:54:46.691 | WARNING  | AxonDeepSeg.morphometrics.compute_morphometrics:warn_if_measures_are_unexpected:363 - WARNING: Axon 281 at [y:1070.25, x:2630.25] and corresponding myelinated axon 281 have unexpected measure values for area attribute.
2026-03-22 13:54:46.694 | WARNING  | AxonDeepSeg.morphometrics.compute_morphometrics:warn_if_measures_are_unexpected:363 - WARNING: Axon 282 at [y:1041.0, x:2639.5] and corresponding myelinated axon 282 have unexpected measure values for equivalent_diameter attribute.
2026-03-22 13:54:46.695 | WARNING  | AxonDeepSeg.morphometrics.compute_morphometrics:warn_if_measures_are_unexpected:363 - WARNING: Axon 282 at [y:1041.0, x:2639.5] and corresponding myelinated axon 282 have unexpected measure values for area attribute.
2026-03-22 13:54:46.721 | WARNING  | AxonDeepSeg.morphometrics.compute_morphometrics:warn_if_measures_are_unexpected:363 - WARNING: Axon 287 at [y:1080.5, x:2684.5] and corresponding myelinated axon 287 have unexpected measure values for equivalent_diameter attribute.
2026-03-22 13:54:46.721 | WARNING  | AxonDeepSeg.morphometrics.compute_morphometrics:warn_if_measures_are_unexpected:363 - WARNING: Axon 287 at [y:1080.5, x:2684.5] and corresponding myelinated axon 287 have unexpected measure values for area attribute.
2026-03-22 13:54:46.757 | WARNING  | AxonDeepSeg.morphometrics.compute_morphometrics:warn_if_measures_are_unexpected:363 - WARNING: Axon 292 at [y:1087.125, x:2721.75] and corresponding myelinated axon 292 have unexpected measure values for equivalent_diameter attribute.
2026-03-22 13:54:46.757 | WARNING  | AxonDeepSeg.morphometrics.compute_morphometrics:warn_if_measures_are_unexpected:363 - WARNING: Axon 292 at [y:1087.125, x:2721.75] and corresponding myelinated axon 292 have unexpected measure values for area attribute.
2026-03-22 13:54:46.777 | WARNING  | AxonDeepSeg.morphometrics.compute_morphometrics:warn_if_measures_are_unexpected:363 - WARNING: Axon 297 at [y:942.5, x:2781.5] and corresponding myelinated axon 297 have unexpected measure values for equivalent_diameter attribute.
2026-03-22 13:54:46.777 | WARNING  | AxonDeepSeg.morphometrics.compute_morphometrics:warn_if_measures_are_unexpected:363 - WARNING: Axon 297 at [y:942.5, x:2781.5] and corresponding myelinated axon 297 have unexpected measure values for area attribute.
2026-03-22 13:54:47.458 | INFO     | AxonDeepSeg.morphometrics.launch_morphometrics_computation:main:363 - Morphometrics file: 05_axon_morphometrics.xlsx has been saved in the /Users/mathieuboudreau/neuropoly/projects/g-ratio/gow_analysis/data/macaque/data/sample7 directory
2026-03-22 13:54:49.162 | INFO     | AxonDeepSeg.morphometrics.launch_morphometrics_computation:main:219 - Logging initialized for morphometrics in "/Users/mathieuboudreau/neuropoly/projects/g-ratio/gow_analysis".
2026-03-22 13:54:49.163 | INFO     | AxonDeepSeg.morphometrics.launch_morphometrics_computation:main:220 - AxonDeepSeg v5.4.0 - 8972f83c028dc4393d84ed66af7d30d5e41ad593
2026-03-22 13:54:49.163 | INFO     | AxonDeepSeg.morphometrics.launch_morphometrics_computation:main:221 - Arguments: {'sizepixel': '0.009144', 'imgpath': ['/Users/mathieuboudreau/neuropoly/projects/g-ratio/gow_analysis/data/macaque/data/sample8/01.png'], 'filename': PosixPath('axon_morphometrics.xlsx'), 'axonshape': 'circle', 'colorize': False, 'unmyelinated': False, 'nerve': False, 'diameter_overlay': False}
2026-03-22 13:54:51.321 | WARNING  | AxonDeepSeg.morphometrics.compute_morphometrics:warn_if_measures_are_unexpected:363 - WARNING: Axon 23 at [y:109.5701754385965, x:369.46491228070175] and corresponding myelinated axon 23 have unexpected measure values for equivalent_diameter attribute.
2026-03-22 13:54:51.327 | WARNING  | AxonDeepSeg.morphometrics.compute_morphometrics:warn_if_measures_are_unexpected:363 - WARNING: Axon 23 at [y:109.5701754385965, x:369.46491228070175] and corresponding myelinated axon 23 have unexpected measure values for area attribute.
2026-03-22 13:54:51.330 | WARNING  | AxonDeepSeg.morphometrics.compute_morphometrics:warn_if_measures_are_unexpected:363 - WARNING: Axon 24 at [y:161.1, x:387.9] and corresponding myelinated axon 24 have unexpected measure values for equivalent_diameter attribute.
2026-03-22 13:54:51.330 | WARNING  | AxonDeepSeg.morphometrics.compute_morphometrics:warn_if_measures_are_unexpected:363 - WARNING: Axon 24 at [y:161.1, x:387.9] and corresponding myelinated axon 24 have unexpected measure values for area attribute.
2026-03-22 13:54:51.471 | WARNING  | AxonDeepSeg.morphometrics.compute_morphometrics:warn_if_measures_are_unexpected:363 - WARNING: Axon 37 at [y:1366.8671102012966, x:751.4696349368816] and corresponding myelinated axon 37 have unexpected measure values for equivalent_diameter attribute.
2026-03-22 13:54:51.472 | WARNING  | AxonDeepSeg.morphometrics.compute_morphometrics:warn_if_measures_are_unexpected:363 - WARNING: Axon 37 at [y:1366.8671102012966, x:751.4696349368816] and corresponding myelinated axon 37 have unexpected measure values for area attribute.
2026-03-22 13:54:51.480 | WARNING  | AxonDeepSeg.morphometrics.compute_morphometrics:warn_if_measures_are_unexpected:363 - WARNING: Axon 40 at [y:226.6086956521739, x:690.1086956521739] and corresponding myelinated axon 40 have unexpected measure values for equivalent_diameter attribute.
2026-03-22 13:54:51.481 | WARNING  | AxonDeepSeg.morphometrics.compute_morphometrics:warn_if_measures_are_unexpected:363 - WARNING: Axon 40 at [y:226.6086956521739, x:690.1086956521739] and corresponding myelinated axon 40 have unexpected measure values for area attribute.
2026-03-22 13:54:51.885 | WARNING  | AxonDeepSeg.morphometrics.compute_morphometrics:warn_if_measures_are_unexpected:363 - WARNING: Axon 97 at [y:1011.5, x:1662.5] and corresponding myelinated axon 97 have unexpected measure values for equivalent_diameter attribute.
2026-03-22 13:54:51.885 | WARNING  | AxonDeepSeg.morphometrics.compute_morphometrics:warn_if_measures_are_unexpected:363 - WARNING: Axon 97 at [y:1011.5, x:1662.5] and corresponding myelinated axon 97 have unexpected measure values for area attribute.
2026-03-22 13:54:51.927 | WARNING  | AxonDeepSeg.morphometrics.compute_morphometrics:warn_if_measures_are_unexpected:363 - WARNING: Axon 105 at [y:1003.5, x:1729.5] and corresponding myelinated axon 105 have unexpected measure values for equivalent_diameter attribute.
2026-03-22 13:54:51.928 | WARNING  | AxonDeepSeg.morphometrics.compute_morphometrics:warn_if_measures_are_unexpected:363 - WARNING: Axon 105 at [y:1003.5, x:1729.5] and corresponding myelinated axon 105 have unexpected measure values for area attribute.
2026-03-22 13:54:53.094 | INFO     | AxonDeepSeg.morphometrics.launch_morphometrics_computation:main:363 - Morphometrics file: 01_axon_morphometrics.xlsx has been saved in the /Users/mathieuboudreau/neuropoly/projects/g-ratio/gow_analysis/data/macaque/data/sample8 directory
2026-03-22 13:54:54.761 | INFO     | AxonDeepSeg.morphometrics.launch_morphometrics_computation:main:219 - Logging initialized for morphometrics in "/Users/mathieuboudreau/neuropoly/projects/g-ratio/gow_analysis".
2026-03-22 13:54:54.761 | INFO     | AxonDeepSeg.morphometrics.launch_morphometrics_computation:main:220 - AxonDeepSeg v5.4.0 - 8972f83c028dc4393d84ed66af7d30d5e41ad593
2026-03-22 13:54:54.761 | INFO     | AxonDeepSeg.morphometrics.launch_morphometrics_computation:main:221 - Arguments: {'sizepixel': '0.009144', 'imgpath': ['/Users/mathieuboudreau/neuropoly/projects/g-ratio/gow_analysis/data/macaque/data/sample8/03.png'], 'filename': PosixPath('axon_morphometrics.xlsx'), 'axonshape': 'circle', 'colorize': False, 'unmyelinated': False, 'nerve': False, 'diameter_overlay': False}
2026-03-22 13:54:57.545 | WARNING  | AxonDeepSeg.morphometrics.compute_morphometrics:warn_if_measures_are_unexpected:363 - WARNING: Axon 19 at [y:1649.7385717295133, x:289.53475879502844] and corresponding myelinated axon 19 have unexpected measure values for equivalent_diameter attribute.
2026-03-22 13:54:57.553 | WARNING  | AxonDeepSeg.morphometrics.compute_morphometrics:warn_if_measures_are_unexpected:363 - WARNING: Axon 19 at [y:1649.7385717295133, x:289.53475879502844] and corresponding myelinated axon 19 have unexpected measure values for area attribute.
2026-03-22 13:54:59.870 | INFO     | AxonDeepSeg.morphometrics.launch_morphometrics_computation:main:363 - Morphometrics file: 03_axon_morphometrics.xlsx has been saved in the /Users/mathieuboudreau/neuropoly/projects/g-ratio/gow_analysis/data/macaque/data/sample8 directory
2026-03-22 13:55:01.584 | INFO     | AxonDeepSeg.morphometrics.launch_morphometrics_computation:main:219 - Logging initialized for morphometrics in "/Users/mathieuboudreau/neuropoly/projects/g-ratio/gow_analysis".
2026-03-22 13:55:01.585 | INFO     | AxonDeepSeg.morphometrics.launch_morphometrics_computation:main:220 - AxonDeepSeg v5.4.0 - 8972f83c028dc4393d84ed66af7d30d5e41ad593
2026-03-22 13:55:01.585 | INFO     | AxonDeepSeg.morphometrics.launch_morphometrics_computation:main:221 - Arguments: {'sizepixel': '0.009144', 'imgpath': ['/Users/mathieuboudreau/neuropoly/projects/g-ratio/gow_analysis/data/macaque/data/sample8/05.png'], 'filename': PosixPath('axon_morphometrics.xlsx'), 'axonshape': 'circle', 'colorize': False, 'unmyelinated': False, 'nerve': False, 'diameter_overlay': False}
2026-03-22 13:55:03.242 | WARNING  | AxonDeepSeg.morphometrics.compute_morphometrics:warn_if_measures_are_unexpected:363 - WARNING: Axon 6 at [y:1122.0, x:207.0] and corresponding myelinated axon 6 have unexpected measure values for equivalent_diameter attribute.
2026-03-22 13:55:03.242 | WARNING  | AxonDeepSeg.morphometrics.compute_morphometrics:warn_if_measures_are_unexpected:363 - WARNING: Axon 6 at [y:1122.0, x:207.0] and corresponding myelinated axon 6 have unexpected measure values for area attribute.
2026-03-22 13:55:04.504 | INFO     | AxonDeepSeg.morphometrics.launch_morphometrics_computation:main:363 - Morphometrics file: 05_axon_morphometrics.xlsx has been saved in the /Users/mathieuboudreau/neuropoly/projects/g-ratio/gow_analysis/data/macaque/data/sample8 directory
